#
# There is insufficient memory for the Java Runtime Environment to continue.
# Native memory allocation (malloc) failed to allocate 569456 bytes for Chunk::new
# Possible reasons:
#   The system is out of physical RAM or swap space
#   The process is running with CompressedOops enabled, and the Java Heap may be blocking the growth of the native heap
# Possible solutions:
#   Reduce memory load on the system
#   Increase physical memory or swap space
#   Check if swap backing store is full
#   Decrease Java heap size (-Xmx/-Xms)
#   Decrease number of Java threads
#   Decrease Java thread stack sizes (-Xss)
#   Set larger code cache with -XX:ReservedCodeCacheSize=
#   JVM is running with Zero Based Compressed Oops mode in which the Java heap is
#     placed in the first 32GB address space. The Java Heap base address is the
#     maximum limit for the native heap growth. Please use -XX:HeapBaseMinAddress
#     to set the Java Heap base and to place the Java Heap above 32GB virtual address.
# This output file may be truncated or incomplete.
#
#  Out of Memory Error (arena.cpp:191), pid=9312, tid=16496
#
# JRE version: OpenJDK Runtime Environment Temurin-17.0.10+7 (17.0.10+7) (build 17.0.10+7)
# Java VM: OpenJDK 64-Bit Server VM Temurin-17.0.10+7 (17.0.10+7, mixed mode, tiered, compressed oops, compressed class ptrs, g1 gc, windows-amd64)
# No core dump will be written. Minidumps are not enabled by default on client versions of Windows
#

---------------  S U M M A R Y ------------

Command Line: -Dfile.encoding=UTF-8 -Dstdout.encoding=UTF-8 -Dstderr.encoding=UTF-8 -XX:+ShowCodeDetailsInExceptionMessages com.banturov.test_task.TestTaskApplication

Host: 12th Gen Intel(R) Core(TM) i5-12500H, 16 cores, 15G,  Windows 10 , 64 bit Build 19041 (10.0.19041.4597)
Time: Sun Jul 14 14:38:20 2024 RTZ 2 (s 10 , 64 bit Build 19041 (10.0.19041.4597) elapsed time: 493.267714 seconds (0d 0h 8m 13s)

---------------  T H R E A D  ---------------

Current thread (0x00000203fe6f3fc0):  JavaThread "C2 CompilerThread0" daemon [_thread_in_native, id=16496, stack(0x00000071b4700000,0x00000071b4800000)]


Current CompileTask:
C2: 493267 7544       4       java.security.CodeSource::<init> (52 bytes)

Stack: [0x00000071b4700000,0x00000071b4800000]
Native frames: (J=compiled Java code, j=interpreted, Vv=VM code, C=native code)
V  [jvm.dll+0x67d2c9]
V  [jvm.dll+0x834afa]
V  [jvm.dll+0x8365be]
V  [jvm.dll+0x836c23]
V  [jvm.dll+0x2477ff]
V  [jvm.dll+0xac514]
V  [jvm.dll+0xacb5c]
V  [jvm.dll+0x366782]
V  [jvm.dll+0x1bcf72]
V  [jvm.dll+0x21a049]
V  [jvm.dll+0x219311]
V  [jvm.dll+0x1a502d]
V  [jvm.dll+0x2290de]
V  [jvm.dll+0x2272ac]
V  [jvm.dll+0x7e9bb7]
V  [jvm.dll+0x7e3fba]
V  [jvm.dll+0x67c1b5]
C  [ucrtbase.dll+0x21bb2]
C  [KERNEL32.DLL+0x17374]
C  [ntdll.dll+0x4cc91]


---------------  P R O C E S S  ---------------

Threads class SMR info:
_java_thread_list=0x00000203965f6810, length=34, elements={
0x00000203fe6ca3f0, 0x00000203fe6cb3b0, 0x00000203fe6b5e90, 0x00000203fe651b00,
0x00000203fe6523d0, 0x00000203fe6f33c0, 0x00000203fe6f3fc0, 0x00000203fe733030,
0x00000203fe735950, 0x00000203fe8b14f0, 0x00000203fe8e74f0, 0x0000020394ed4620,
0x0000020394e0e720, 0x0000020396528030, 0x0000020397e86b20, 0x000002039acf4710,
0x0000020399db5b90, 0x0000020398e95040, 0x0000020393040810, 0x0000020395d1eab0,
0x00000203955e5980, 0x00000203955e5e90, 0x00000203955e26e0, 0x00000203955e2bf0,
0x00000203955e3100, 0x00000203955e4a50, 0x00000203955e3610, 0x00000203955e5470,
0x00000203955e3b20, 0x00000203955e4030, 0x00000203955e4540, 0x0000020394ff4df0,
0x000002039636c030, 0x000002039636c580
}

Java Threads: ( => current thread )
  0x00000203fe6ca3f0 JavaThread "Reference Handler" daemon [_thread_blocked, id=9192, stack(0x00000071b4100000,0x00000071b4200000)]
  0x00000203fe6cb3b0 JavaThread "Finalizer" daemon [_thread_blocked, id=1780, stack(0x00000071b4200000,0x00000071b4300000)]
  0x00000203fe6b5e90 JavaThread "Signal Dispatcher" daemon [_thread_blocked, id=11664, stack(0x00000071b4300000,0x00000071b4400000)]
  0x00000203fe651b00 JavaThread "Attach Listener" daemon [_thread_blocked, id=14460, stack(0x00000071b4400000,0x00000071b4500000)]
  0x00000203fe6523d0 JavaThread "Service Thread" daemon [_thread_blocked, id=17604, stack(0x00000071b4500000,0x00000071b4600000)]
  0x00000203fe6f33c0 JavaThread "Monitor Deflation Thread" daemon [_thread_blocked, id=3404, stack(0x00000071b4600000,0x00000071b4700000)]
=>0x00000203fe6f3fc0 JavaThread "C2 CompilerThread0" daemon [_thread_in_native, id=16496, stack(0x00000071b4700000,0x00000071b4800000)]
  0x00000203fe733030 JavaThread "C1 CompilerThread0" daemon [_thread_blocked, id=16152, stack(0x00000071b4800000,0x00000071b4900000)]
  0x00000203fe735950 JavaThread "Sweeper thread" daemon [_thread_blocked, id=13496, stack(0x00000071b4900000,0x00000071b4a00000)]
  0x00000203fe8b14f0 JavaThread "Notification Thread" daemon [_thread_blocked, id=15876, stack(0x00000071b4c00000,0x00000071b4d00000)]
  0x00000203fe8e74f0 JavaThread "Common-Cleaner" daemon [_thread_blocked, id=17072, stack(0x00000071b4e00000,0x00000071b4f00000)]
  0x0000020394ed4620 JavaThread "Catalina-utility-1" [_thread_blocked, id=11440, stack(0x00000071b6100000,0x00000071b6200000)]
  0x0000020394e0e720 JavaThread "Catalina-utility-2" [_thread_blocked, id=5196, stack(0x00000071b6500000,0x00000071b6600000)]
  0x0000020396528030 JavaThread "container-0" [_thread_blocked, id=9072, stack(0x00000071b6600000,0x00000071b6700000)]
  0x0000020397e86b20 JavaThread "http-nio-8080-exec-1" daemon [_thread_blocked, id=17844, stack(0x00000071b6700000,0x00000071b6800000)]
  0x000002039acf4710 JavaThread "http-nio-8080-exec-2" daemon [_thread_blocked, id=7024, stack(0x00000071b6900000,0x00000071b6a00000)]
  0x0000020399db5b90 JavaThread "http-nio-8080-exec-3" daemon [_thread_blocked, id=12384, stack(0x00000071b6a00000,0x00000071b6b00000)]
  0x0000020398e95040 JavaThread "http-nio-8080-exec-4" daemon [_thread_blocked, id=10236, stack(0x00000071b6b00000,0x00000071b6c00000)]
  0x0000020393040810 JavaThread "http-nio-8080-exec-5" daemon [_thread_blocked, id=13516, stack(0x00000071b6c00000,0x00000071b6d00000)]
  0x0000020395d1eab0 JavaThread "http-nio-8080-exec-6" daemon [_thread_blocked, id=8292, stack(0x00000071b6d00000,0x00000071b6e00000)]
  0x00000203955e5980 JavaThread "http-nio-8080-exec-7" daemon [_thread_blocked, id=18092, stack(0x00000071b6e00000,0x00000071b6f00000)]
  0x00000203955e5e90 JavaThread "http-nio-8080-exec-8" daemon [_thread_blocked, id=11368, stack(0x00000071b6f00000,0x00000071b7000000)]
  0x00000203955e26e0 JavaThread "http-nio-8080-exec-9" daemon [_thread_blocked, id=3604, stack(0x00000071b7000000,0x00000071b7100000)]
  0x00000203955e2bf0 JavaThread "http-nio-8080-exec-10" daemon [_thread_blocked, id=14084, stack(0x00000071b7100000,0x00000071b7200000)]
  0x00000203955e3100 JavaThread "http-nio-8080-Poller" daemon [_thread_in_native, id=2368, stack(0x00000071b7200000,0x00000071b7300000)]
  0x00000203955e4a50 JavaThread "http-nio-8080-Acceptor" daemon [_thread_in_native, id=14500, stack(0x00000071b7300000,0x00000071b7400000)]
  0x00000203955e3610 JavaThread "ThreadPoolTaskScheduler-1" [_thread_blocked, id=3224, stack(0x00000071b7400000,0x00000071b7500000)]
  0x00000203955e5470 JavaThread "org.springframework.kafka.KafkaListenerEndpointContainer#0-0-C-1" [_thread_in_native, id=7256, stack(0x00000071b7500000,0x00000071b7600000)]
  0x00000203955e3b20 JavaThread "kafka-coordinator-heartbeat-thread | aad" daemon [_thread_blocked, id=16236, stack(0x00000071b7600000,0x00000071b7700000)]
  0x00000203955e4030 JavaThread "mysql-cj-abandoned-connection-cleanup" daemon [_thread_blocked, id=17020, stack(0x00000071b7700000,0x00000071b7800000)]
  0x00000203955e4540 JavaThread "PostgreSQL-JDBC-Cleaner" daemon [_thread_blocked, id=17296, stack(0x00000071b7900000,0x00000071b7a00000)]
  0x0000020394ff4df0 JavaThread "DestroyJavaVM" [_thread_blocked, id=16672, stack(0x00000071b3a00000,0x00000071b3b00000)]
  0x000002039636c030 JavaThread "C2 CompilerThread1" daemon [_thread_in_native, id=18120, stack(0x00000071b3700000,0x00000071b3800000)]
  0x000002039636c580 JavaThread "C2 CompilerThread2" daemon [_thread_in_vm, id=14048, stack(0x00000071b3800000,0x00000071b3900000)]

Other Threads:
  0x00000203fe64c750 VMThread "VM Thread" [stack: 0x00000071b4000000,0x00000071b4100000] [id=18388]
  0x00000203fe8d1ff0 WatcherThread [stack: 0x00000071b4d00000,0x00000071b4e00000] [id=16524]
  0x00000203ee226260 GCTaskThread "GC Thread#0" [stack: 0x00000071b3b00000,0x00000071b3c00000] [id=1532]
  0x0000020394260ae0 GCTaskThread "GC Thread#1" [stack: 0x00000071b5100000,0x00000071b5200000] [id=8844]
  0x00000203939622d0 GCTaskThread "GC Thread#2" [stack: 0x00000071b5200000,0x00000071b5300000] [id=9388]
  0x0000020393962590 GCTaskThread "GC Thread#3" [stack: 0x00000071b5300000,0x00000071b5400000] [id=7392]
  0x0000020393962850 GCTaskThread "GC Thread#4" [stack: 0x00000071b5400000,0x00000071b5500000] [id=16356]
  0x0000020393962b10 GCTaskThread "GC Thread#5" [stack: 0x00000071b5500000,0x00000071b5600000] [id=16200]
  0x00000203940d63d0 GCTaskThread "GC Thread#6" [stack: 0x00000071b5800000,0x00000071b5900000] [id=7244]
  0x0000020394297930 GCTaskThread "GC Thread#7" [stack: 0x00000071b5900000,0x00000071b5a00000] [id=17364]
  0x000002039384a3e0 GCTaskThread "GC Thread#8" [stack: 0x00000071b5a00000,0x00000071b5b00000] [id=14076]
  0x000002039384a6a0 GCTaskThread "GC Thread#9" [stack: 0x00000071b5b00000,0x00000071b5c00000] [id=6296]
  0x0000020393ea9740 GCTaskThread "GC Thread#10" [stack: 0x00000071b6200000,0x00000071b6300000] [id=17880]
  0x0000020394bccee0 GCTaskThread "GC Thread#11" [stack: 0x00000071b6300000,0x00000071b6400000] [id=9772]
  0x00000203943c0cf0 GCTaskThread "GC Thread#12" [stack: 0x00000071b6400000,0x00000071b6500000] [id=1304]
  0x00000203ee2374d0 ConcurrentGCThread "G1 Main Marker" [stack: 0x00000071b3c00000,0x00000071b3d00000] [id=8864]
  0x00000203ee237ef0 ConcurrentGCThread "G1 Conc#0" [stack: 0x00000071b3d00000,0x00000071b3e00000] [id=16648]
  0x000002039384ce10 ConcurrentGCThread "G1 Conc#1" [stack: 0x00000071b5c00000,0x00000071b5d00000] [id=3532]
  0x00000203943bfe10 ConcurrentGCThread "G1 Conc#2" [stack: 0x00000071b5d00000,0x00000071b5e00000] [id=17468]
  0x00000203fe3e7260 ConcurrentGCThread "G1 Refine#0" [stack: 0x00000071b3e00000,0x00000071b3f00000] [id=17412]
  0x00000203fe3e7aa0 ConcurrentGCThread "G1 Service" [stack: 0x00000071b3f00000,0x00000071b4000000] [id=13684]

Threads with active compile tasks:
C2 CompilerThread0   493276 7544       4       java.security.CodeSource::<init> (52 bytes)
C2 CompilerThread1   493276 7554   !   4       java.net.URL::<init> (543 bytes)
C2 CompilerThread2   493276 7548       4       java.lang.ClassLoader::checkCerts (121 bytes)

VM state: not at safepoint (normal execution)

VM Mutex/Monitor currently owned by a thread: None

Heap address: 0x0000000704800000, size: 4024 MB, Compressed Oops mode: Zero based, Oop shift amount: 3

CDS archive(s) not mapped
Compressed class space mapped at: 0x0000000800000000-0x0000000840000000, reserved size: 1073741824
Narrow klass base: 0x0000000800000000, Narrow klass shift: 0, Narrow klass range: 0x40000000

GC Precious Log:
 CPUs: 16 total, 16 available
 Memory: 16088M
 Large Page Support: Disabled
 NUMA Support: Disabled
 Compressed Oops: Enabled (Zero based)
 Heap Region Size: 2M
 Heap Min Capacity: 8M
 Heap Initial Capacity: 252M
 Heap Max Capacity: 4024M
 Pre-touch: Disabled
 Parallel Workers: 13
 Concurrent Workers: 3
 Concurrent Refinement Workers: 13
 Periodic GC: Disabled

Heap:
 garbage-first heap   total 61440K, used 34188K [0x0000000704800000, 0x0000000800000000)
  region size 2048K, 6 young (12288K), 1 survivors (2048K)
 Metaspace       used 66784K, committed 67264K, reserved 1114112K
  class space    used 7580K, committed 7808K, reserved 1048576K

Heap Regions: E=young(eden), S=young(survivor), O=old, HS=humongous(starts), HC=humongous(continues), CS=collection set, F=free, OA=open archive, CA=closed archive, TAMS=top-at-mark-start (previous, next)
|   0|0x0000000704800000, 0x0000000704a00000, 0x0000000704a00000|100%| O|  |TAMS 0x0000000704a00000, 0x0000000704800000| Untracked 
|   1|0x0000000704a00000, 0x0000000704c00000, 0x0000000704c00000|100%| O|  |TAMS 0x0000000704c00000, 0x0000000704a00000| Untracked 
|   2|0x0000000704c00000, 0x0000000704e00000, 0x0000000704e00000|100%| O|  |TAMS 0x0000000704e00000, 0x0000000704c00000| Untracked 
|   3|0x0000000704e00000, 0x0000000705000000, 0x0000000705000000|100%| O|  |TAMS 0x0000000705000000, 0x0000000704e00000| Untracked 
|   4|0x0000000705000000, 0x0000000705200000, 0x0000000705200000|100%| O|  |TAMS 0x0000000705200000, 0x0000000705000000| Untracked 
|   5|0x0000000705200000, 0x0000000705400000, 0x0000000705400000|100%| O|  |TAMS 0x0000000705400000, 0x0000000705200000| Untracked 
|   6|0x0000000705400000, 0x0000000705600000, 0x0000000705600000|100%| O|  |TAMS 0x0000000705600000, 0x0000000705400000| Untracked 
|   7|0x0000000705600000, 0x0000000705800000, 0x0000000705800000|100%| O|  |TAMS 0x0000000705800000, 0x0000000705600000| Untracked 
|   8|0x0000000705800000, 0x0000000705a00000, 0x0000000705a00000|100%| O|  |TAMS 0x0000000705961400, 0x0000000705800000| Untracked 
|   9|0x0000000705a00000, 0x0000000705c00000, 0x0000000705c00000|100%| O|  |TAMS 0x0000000705c00000, 0x0000000705a00000| Untracked 
|  10|0x0000000705c00000, 0x0000000705e00000, 0x0000000705e00000|100%| O|  |TAMS 0x0000000705c00000, 0x0000000705c00000| Untracked 
|  11|0x0000000705e00000, 0x0000000705ffd000, 0x0000000706000000| 99%| O|  |TAMS 0x0000000705e00000, 0x0000000705e00000| Untracked 
|  12|0x0000000706000000, 0x0000000706000000, 0x0000000706200000|  0%| F|  |TAMS 0x0000000706000000, 0x0000000706000000| Untracked 
|  13|0x0000000706200000, 0x0000000706200000, 0x0000000706400000|  0%| F|  |TAMS 0x0000000706200000, 0x0000000706200000| Untracked 
|  14|0x0000000706400000, 0x0000000706400000, 0x0000000706600000|  0%| F|  |TAMS 0x0000000706400000, 0x0000000706400000| Untracked 
|  15|0x0000000706600000, 0x0000000706600000, 0x0000000706800000|  0%| F|  |TAMS 0x0000000706600000, 0x0000000706600000| Untracked 
|  16|0x0000000706800000, 0x0000000706800000, 0x0000000706a00000|  0%| F|  |TAMS 0x0000000706800000, 0x0000000706800000| Untracked 
|  17|0x0000000706a00000, 0x0000000706b66360, 0x0000000706c00000| 69%| S|CS|TAMS 0x0000000706a00000, 0x0000000706a00000| Complete 
|  18|0x0000000706c00000, 0x0000000706c00000, 0x0000000706e00000|  0%| F|  |TAMS 0x0000000706c00000, 0x0000000706c00000| Untracked 
|  19|0x0000000706e00000, 0x0000000706e00000, 0x0000000707000000|  0%| F|  |TAMS 0x0000000706e00000, 0x0000000706e00000| Untracked 
|  20|0x0000000707000000, 0x0000000707000000, 0x0000000707200000|  0%| F|  |TAMS 0x0000000707000000, 0x0000000707000000| Untracked 
|  21|0x0000000707200000, 0x0000000707200000, 0x0000000707400000|  0%| F|  |TAMS 0x0000000707200000, 0x0000000707200000| Untracked 
|  22|0x0000000707400000, 0x0000000707400000, 0x0000000707600000|  0%| F|  |TAMS 0x0000000707400000, 0x0000000707400000| Untracked 
|  23|0x0000000707600000, 0x0000000707600000, 0x0000000707800000|  0%| F|  |TAMS 0x0000000707600000, 0x0000000707600000| Untracked 
|  24|0x0000000707800000, 0x0000000707800000, 0x0000000707a00000|  0%| F|  |TAMS 0x0000000707800000, 0x0000000707800000| Untracked 
|  25|0x0000000707a00000, 0x0000000707b371f8, 0x0000000707c00000| 60%| E|  |TAMS 0x0000000707a00000, 0x0000000707a00000| Complete 
|  49|0x000000070aa00000, 0x000000070ac00000, 0x000000070ac00000|100%| E|CS|TAMS 0x000000070aa00000, 0x000000070aa00000| Complete 
|  50|0x000000070ac00000, 0x000000070ae00000, 0x000000070ae00000|100%| E|CS|TAMS 0x000000070ac00000, 0x000000070ac00000| Complete 
|  51|0x000000070ae00000, 0x000000070b000000, 0x000000070b000000|100%| E|CS|TAMS 0x000000070ae00000, 0x000000070ae00000| Complete 
| 125|0x0000000714200000, 0x0000000714400000, 0x0000000714400000|100%| E|CS|TAMS 0x0000000714200000, 0x0000000714200000| Complete 

Card table byte_map: [0x00000203f28e0000,0x00000203f30c0000] _byte_map_base: 0x00000203ef0bc000

Marking Bits (Prev, Next): (CMBitMap*) 0x00000203ee2268c0, (CMBitMap*) 0x00000203ee226880
 Prev Bits: [0x00000203f7780000, 0x00000203fb660000)
 Next Bits: [0x00000203f38a0000, 0x00000203f7780000)

Polling page: 0x00000203ec160000

Metaspace:

Usage:
  Non-class:     57.82 MB used.
      Class:      7.40 MB used.
       Both:     65.22 MB used.

Virtual space:
  Non-class space:       64.00 MB reserved,      58.06 MB ( 91%) committed,  1 nodes.
      Class space:        1.00 GB reserved,       7.62 MB ( <1%) committed,  1 nodes.
             Both:        1.06 GB reserved,      65.69 MB (  6%) committed. 

Chunk freelists:
   Non-Class:  5.38 MB
       Class:  8.32 MB
        Both:  13.69 MB

MaxMetaspaceSize: unlimited
CompressedClassSpaceSize: 1.00 GB
Initial GC threshold: 21.00 MB
Current GC threshold: 98.56 MB
CDS: off
MetaspaceReclaimPolicy: balanced
 - commit_granule_bytes: 65536.
 - commit_granule_words: 8192.
 - virtual_space_node_default_size: 8388608.
 - enlarge_chunks_in_place: 1.
 - new_chunks_are_fully_committed: 0.
 - uncommit_free_chunks: 1.
 - use_allocation_guard: 0.
 - handle_deallocations: 1.


Internal statistics:

num_allocs_failed_limit: 9.
num_arena_births: 706.
num_arena_deaths: 0.
num_vsnodes_births: 2.
num_vsnodes_deaths: 0.
num_space_committed: 1051.
num_space_uncommitted: 0.
num_chunks_returned_to_freelist: 9.
num_chunks_taken_from_freelist: 2685.
num_chunk_merges: 6.
num_chunk_splits: 1906.
num_chunks_enlarged: 1445.
num_inconsistent_stats: 0.

CodeHeap 'non-profiled nmethods': size=119168Kb used=4166Kb max_used=5113Kb free=115001Kb
 bounds [0x0000020387ba0000, 0x00000203880a0000, 0x000002038f000000]
CodeHeap 'profiled nmethods': size=119104Kb used=13422Kb max_used=15195Kb free=105682Kb
 bounds [0x0000020380000000, 0x0000020380ee0000, 0x0000020387450000]
CodeHeap 'non-nmethods': size=7488Kb used=1352Kb max_used=3082Kb free=6135Kb
 bounds [0x0000020387450000, 0x0000020387770000, 0x0000020387ba0000]
 total_blobs=6985 nmethods=6294 adapters=603
 compilation: enabled
              stopped_count=0, restarted_count=0
 full_count=0

Compilation events (20 events):
Event: 493.232 Thread 0x00000203fe733030 7556       1       java.util.logging.LogManager$LoggerWeakRef::setNode (6 bytes)
Event: 493.232 Thread 0x00000203fe733030 nmethod 7556 0x0000020387dc6e10 code [0x0000020387dc6fa0, 0x0000020387dc70b8]
Event: 493.241 Thread 0x00000203fe733030 7557       3       java.lang.invoke.InvokerBytecodeGenerator::generateCustomizedCodeBytes (44 bytes)
Event: 493.242 Thread 0x00000203fe733030 nmethod 7557 0x000002038013a690 code [0x000002038013a8a0, 0x000002038013acd8]
Event: 493.242 Thread 0x00000203fe733030 7558       3       java.lang.invoke.InvokerBytecodeGenerator::classData (170 bytes)
Event: 493.242 Thread 0x00000203fe733030 nmethod 7558 0x0000020380172f90 code [0x0000020380173220, 0x0000020380173fa8]
Event: 493.242 Thread 0x00000203fe733030 7560       3       java.lang.invoke.MethodHandles$Lookup::makeHiddenClassDefiner (14 bytes)
Event: 493.242 Thread 0x00000203fe733030 nmethod 7560 0x000002038002b810 code [0x000002038002b9c0, 0x000002038002bbb8]
Event: 493.242 Thread 0x00000203fe733030 7561       3       java.lang.invoke.MethodHandles$Lookup$ClassFile::newInstanceNoCheck (11 bytes)
Event: 493.243 Thread 0x00000203fe733030 nmethod 7561 0x0000020380050f10 code [0x00000203800510c0, 0x0000020380051398]
Event: 493.243 Thread 0x00000203fe733030 7564       3       java.lang.invoke.BoundMethodHandle::speciesDataFor (32 bytes)
Event: 493.243 Thread 0x00000203fe733030 nmethod 7564 0x0000020380092390 code [0x0000020380092540, 0x00000203800928f8]
Event: 493.243 Thread 0x00000203fe733030 7559       3       java.lang.invoke.InvokerBytecodeGenerator::loadMethod (33 bytes)
Event: 493.244 Thread 0x00000203fe733030 nmethod 7559 0x0000020380057510 code [0x0000020380057700, 0x0000020380057a28]
Event: 493.244 Thread 0x00000203fe733030 7562       3       java.lang.invoke.InvokerBytecodeGenerator::classDataValues (265 bytes)
Event: 493.246 Thread 0x00000203fe733030 nmethod 7562 0x000002038063b010 code [0x000002038063b500, 0x000002038063eb38]
Event: 493.246 Thread 0x00000203fe733030 7566       3       java.lang.invoke.LambdaFormBuffer::insertExpression (30 bytes)
Event: 493.246 Thread 0x00000203fe733030 nmethod 7566 0x00000203800b8c10 code [0x00000203800b8dc0, 0x00000203800b8f28]
Event: 493.246 Thread 0x00000203fe733030 7563   !   3       java.lang.invoke.InvokerBytecodeGenerator::resolveInvokerMember (43 bytes)
Event: 493.246 Thread 0x00000203fe733030 nmethod 7563 0x0000020380076210 code [0x00000203800763e0, 0x0000020380076748]

GC Heap History (20 events):
Event: 1.626 GC heap before
{Heap before GC invocations=7 (full 0):
 garbage-first heap   total 149504K, used 52764K [0x0000000704800000, 0x0000000800000000)
  region size 2048K, 22 young (45056K), 1 survivors (2048K)
 Metaspace       used 35729K, committed 36096K, reserved 1114112K
  class space    used 4092K, committed 4288K, reserved 1048576K
}
Event: 1.630 GC heap after
{Heap after GC invocations=8 (full 0):
 garbage-first heap   total 149504K, used 15199K [0x0000000704800000, 0x0000000800000000)
  region size 2048K, 3 young (6144K), 3 survivors (6144K)
 Metaspace       used 35729K, committed 36096K, reserved 1114112K
  class space    used 4092K, committed 4288K, reserved 1048576K
}
Event: 2.237 GC heap before
{Heap before GC invocations=9 (full 0):
 garbage-first heap   total 61440K, used 45919K [0x0000000704800000, 0x0000000800000000)
  region size 2048K, 18 young (36864K), 3 survivors (6144K)
 Metaspace       used 40294K, committed 40704K, reserved 1114112K
  class space    used 4698K, committed 4928K, reserved 1048576K
}
Event: 2.240 GC heap after
{Heap after GC invocations=10 (full 0):
 garbage-first heap   total 61440K, used 17755K [0x0000000704800000, 0x0000000800000000)
  region size 2048K, 2 young (4096K), 2 survivors (4096K)
 Metaspace       used 40294K, committed 40704K, reserved 1114112K
  class space    used 4698K, committed 4928K, reserved 1048576K
}
Event: 2.291 GC heap before
{Heap before GC invocations=10 (full 0):
 garbage-first heap   total 61440K, used 19803K [0x0000000704800000, 0x0000000800000000)
  region size 2048K, 3 young (6144K), 2 survivors (4096K)
 Metaspace       used 40703K, committed 41152K, reserved 1114112K
  class space    used 4751K, committed 4992K, reserved 1048576K
}
Event: 2.293 GC heap after
{Heap after GC invocations=11 (full 0):
 garbage-first heap   total 61440K, used 18230K [0x0000000704800000, 0x0000000800000000)
  region size 2048K, 1 young (2048K), 1 survivors (2048K)
 Metaspace       used 40703K, committed 41152K, reserved 1114112K
  class space    used 4751K, committed 4992K, reserved 1048576K
}
Event: 2.722 GC heap before
{Heap before GC invocations=11 (full 0):
 garbage-first heap   total 61440K, used 42806K [0x0000000704800000, 0x0000000800000000)
  region size 2048K, 13 young (26624K), 1 survivors (2048K)
 Metaspace       used 47131K, committed 47552K, reserved 1114112K
  class space    used 5438K, committed 5632K, reserved 1048576K
}
Event: 2.724 GC heap after
{Heap after GC invocations=12 (full 0):
 garbage-first heap   total 61440K, used 20019K [0x0000000704800000, 0x0000000800000000)
  region size 2048K, 2 young (4096K), 2 survivors (4096K)
 Metaspace       used 47131K, committed 47552K, reserved 1114112K
  class space    used 5438K, committed 5632K, reserved 1048576K
}
Event: 3.027 GC heap before
{Heap before GC invocations=12 (full 0):
 garbage-first heap   total 61440K, used 42547K [0x0000000704800000, 0x0000000800000000)
  region size 2048K, 13 young (26624K), 2 survivors (4096K)
 Metaspace       used 52467K, committed 52928K, reserved 1114112K
  class space    used 6014K, committed 6272K, reserved 1048576K
}
Event: 3.029 GC heap after
{Heap after GC invocations=13 (full 0):
 garbage-first heap   total 61440K, used 21005K [0x0000000704800000, 0x0000000800000000)
  region size 2048K, 1 young (2048K), 1 survivors (2048K)
 Metaspace       used 52467K, committed 52928K, reserved 1114112K
  class space    used 6014K, committed 6272K, reserved 1048576K
}
Event: 3.578 GC heap before
{Heap before GC invocations=13 (full 0):
 garbage-first heap   total 61440K, used 45581K [0x0000000704800000, 0x0000000800000000)
  region size 2048K, 13 young (26624K), 1 survivors (2048K)
 Metaspace       used 58835K, committed 59264K, reserved 1114112K
  class space    used 6779K, committed 6976K, reserved 1048576K
}
Event: 3.580 GC heap after
{Heap after GC invocations=14 (full 0):
 garbage-first heap   total 61440K, used 22644K [0x0000000704800000, 0x0000000800000000)
  region size 2048K, 2 young (4096K), 2 survivors (4096K)
 Metaspace       used 58835K, committed 59264K, reserved 1114112K
  class space    used 6779K, committed 6976K, reserved 1048576K
}
Event: 3.701 GC heap before
{Heap before GC invocations=14 (full 0):
 garbage-first heap   total 61440K, used 36980K [0x0000000704800000, 0x0000000800000000)
  region size 2048K, 10 young (20480K), 2 survivors (4096K)
 Metaspace       used 59978K, committed 60416K, reserved 1114112K
  class space    used 6917K, committed 7168K, reserved 1048576K
}
Event: 3.703 GC heap after
{Heap after GC invocations=15 (full 0):
 garbage-first heap   total 61440K, used 24564K [0x0000000704800000, 0x0000000800000000)
  region size 2048K, 2 young (4096K), 2 survivors (4096K)
 Metaspace       used 59978K, committed 60416K, reserved 1114112K
  class space    used 6917K, committed 7168K, reserved 1048576K
}
Event: 3.939 GC heap before
{Heap before GC invocations=16 (full 0):
 garbage-first heap   total 61440K, used 45044K [0x0000000704800000, 0x0000000800000000)
  region size 2048K, 12 young (24576K), 2 survivors (4096K)
 Metaspace       used 63474K, committed 63936K, reserved 1114112K
  class space    used 7266K, committed 7488K, reserved 1048576K
}
Event: 3.940 GC heap after
{Heap after GC invocations=17 (full 0):
 garbage-first heap   total 61440K, used 25435K [0x0000000704800000, 0x0000000800000000)
  region size 2048K, 2 young (4096K), 2 survivors (4096K)
 Metaspace       used 63474K, committed 63936K, reserved 1114112K
  class space    used 7266K, committed 7488K, reserved 1048576K
}
Event: 6.142 GC heap before
{Heap before GC invocations=17 (full 0):
 garbage-first heap   total 61440K, used 45915K [0x0000000704800000, 0x0000000800000000)
  region size 2048K, 12 young (24576K), 2 survivors (4096K)
 Metaspace       used 65130K, committed 65664K, reserved 1114112K
  class space    used 7435K, committed 7680K, reserved 1048576K
}
Event: 6.145 GC heap after
{Heap after GC invocations=18 (full 0):
 garbage-first heap   total 61440K, used 25794K [0x0000000704800000, 0x0000000800000000)
  region size 2048K, 1 young (2048K), 1 survivors (2048K)
 Metaspace       used 65130K, committed 65664K, reserved 1114112K
  class space    used 7435K, committed 7680K, reserved 1048576K
}
Event: 349.658 GC heap before
{Heap before GC invocations=18 (full 0):
 garbage-first heap   total 61440K, used 48322K [0x0000000704800000, 0x0000000800000000)
  region size 2048K, 12 young (24576K), 1 survivors (2048K)
 Metaspace       used 66259K, committed 66752K, reserved 1114112K
  class space    used 7518K, committed 7744K, reserved 1048576K
}
Event: 349.660 GC heap after
{Heap after GC invocations=19 (full 0):
 garbage-first heap   total 61440K, used 25996K [0x0000000704800000, 0x0000000800000000)
  region size 2048K, 1 young (2048K), 1 survivors (2048K)
 Metaspace       used 66259K, committed 66752K, reserved 1114112K
  class space    used 7518K, committed 7744K, reserved 1048576K
}

Dll operation events (9 events):
Event: 0.006 Loaded shared library C:\Users\KolaBaka\.p2\pool\plugins\org.eclipse.justj.openjdk.hotspot.jre.full.win32.x86_64_17.0.10.v20240120-1143\jre\bin\java.dll
Event: 0.080 Loaded shared library C:\Users\KolaBaka\.p2\pool\plugins\org.eclipse.justj.openjdk.hotspot.jre.full.win32.x86_64_17.0.10.v20240120-1143\jre\bin\net.dll
Event: 0.080 Loaded shared library C:\Users\KolaBaka\.p2\pool\plugins\org.eclipse.justj.openjdk.hotspot.jre.full.win32.x86_64_17.0.10.v20240120-1143\jre\bin\nio.dll
Event: 0.084 Loaded shared library C:\Users\KolaBaka\.p2\pool\plugins\org.eclipse.justj.openjdk.hotspot.jre.full.win32.x86_64_17.0.10.v20240120-1143\jre\bin\zip.dll
Event: 0.105 Loaded shared library C:\Users\KolaBaka\.p2\pool\plugins\org.eclipse.justj.openjdk.hotspot.jre.full.win32.x86_64_17.0.10.v20240120-1143\jre\bin\jimage.dll
Event: 0.786 Loaded shared library C:\Users\KolaBaka\.p2\pool\plugins\org.eclipse.justj.openjdk.hotspot.jre.full.win32.x86_64_17.0.10.v20240120-1143\jre\bin\sunmscapi.dll
Event: 1.623 Loaded shared library C:\Users\KolaBaka\.p2\pool\plugins\org.eclipse.justj.openjdk.hotspot.jre.full.win32.x86_64_17.0.10.v20240120-1143\jre\bin\management.dll
Event: 1.624 Loaded shared library C:\Users\KolaBaka\.p2\pool\plugins\org.eclipse.justj.openjdk.hotspot.jre.full.win32.x86_64_17.0.10.v20240120-1143\jre\bin\management_ext.dll
Event: 2.628 Loaded shared library C:\Users\KolaBaka\.p2\pool\plugins\org.eclipse.justj.openjdk.hotspot.jre.full.win32.x86_64_17.0.10.v20240120-1143\jre\bin\extnet.dll

Deoptimization events (20 events):
Event: 126.427 Thread 0x00000203955e5470 DEOPT PACKING pc=0x000002038806203c sp=0x00000071b75fea10
Event: 126.427 Thread 0x00000203955e5470 DEOPT UNPACKING pc=0x00000203874a69a3 sp=0x00000071b75fe930 mode 2
Event: 303.077 Thread 0x00000203955e5470 Uncommon trap: trap_request=0xffffffde fr.pc=0x0000020387fc0b44 relative=0x0000000000000124
Event: 303.077 Thread 0x00000203955e5470 Uncommon trap: reason=class_check action=maybe_recompile pc=0x0000020387fc0b44 method=java.util.Random.nextInt(I)I @ 17 c2
Event: 303.077 Thread 0x00000203955e5470 DEOPT PACKING pc=0x0000020387fc0b44 sp=0x00000071b75fe970
Event: 303.077 Thread 0x00000203955e5470 DEOPT UNPACKING pc=0x00000203874a69a3 sp=0x00000071b75fe900 mode 2
Event: 303.415 Thread 0x00000203955e5470 Uncommon trap: trap_request=0xffffff45 fr.pc=0x0000020388078f58 relative=0x0000000000000058
Event: 303.416 Thread 0x00000203955e5470 Uncommon trap: reason=unstable_if action=reinterpret pc=0x0000020388078f58 method=org.apache.kafka.common.TopicPartition.hashCode()I @ 4 c2
Event: 303.416 Thread 0x00000203955e5470 DEOPT PACKING pc=0x0000020388078f58 sp=0x00000071b75fe6a0
Event: 303.416 Thread 0x00000203955e5470 DEOPT UNPACKING pc=0x00000203874a69a3 sp=0x00000071b75fe628 mode 2
Event: 315.999 Thread 0x00000203955e3b20 Uncommon trap: trap_request=0xffffff45 fr.pc=0x0000020388082770 relative=0x0000000000000070
Event: 315.999 Thread 0x00000203955e3b20 Uncommon trap: reason=unstable_if action=reinterpret pc=0x0000020388082770 method=java.util.concurrent.ConcurrentLinkedQueue.first()Ljava/util/concurrent/ConcurrentLinkedQueue$Node; @ 32 c2
Event: 315.999 Thread 0x00000203955e3b20 DEOPT PACKING pc=0x0000020388082770 sp=0x00000071b76ff470
Event: 315.999 Thread 0x00000203955e3b20 DEOPT UNPACKING pc=0x00000203874a69a3 sp=0x00000071b76ff3e8 mode 2
Event: 487.307 Thread 0x00000203955e3100 Uncommon trap: trap_request=0xfffffff4 fr.pc=0x0000020387beee70 relative=0x00000000000003b0
Event: 487.307 Thread 0x00000203955e3100 Uncommon trap: reason=null_check action=make_not_entrant pc=0x0000020387beee70 method=sun.nio.ch.WEPollSelectorImpl.processUpdateQueue()V @ 71 c2
Event: 487.307 Thread 0x00000203955e3100 DEOPT PACKING pc=0x0000020387beee70 sp=0x00000071b72fede0
Event: 487.307 Thread 0x00000203955e3100 DEOPT UNPACKING pc=0x00000203874a69a3 sp=0x00000071b72fedb8 mode 2
Event: 493.234 Thread 0x0000020397e86b20 DEOPT PACKING pc=0x0000020380857565 sp=0x00000071b67fdf70
Event: 493.234 Thread 0x0000020397e86b20 DEOPT UNPACKING pc=0x00000203874a7143 sp=0x00000071b67fd460 mode 0

Classes unloaded (0 events):
No events

Classes redefined (0 events):
No events

Internal exceptions (20 events):
Event: 3.629 Thread 0x00000203ee1bc210 Exception <a 'java/lang/ClassNotFoundException'{0x000000070aba0440}: liquibase/change/core/SetColumnRemarksChangeCustomizer> (0x000000070aba0440) 
thrown [s\src\hotspot\share\classfile\systemDictionary.cpp, line 256]
Event: 3.630 Thread 0x00000203ee1bc210 Exception <a 'java/lang/ClassNotFoundException'{0x000000070abbe6e8}: liquibase/change/core/SetTableRemarksChangeBeanInfo> (0x000000070abbe6e8) 
thrown [s\src\hotspot\share\classfile\systemDictionary.cpp, line 256]
Event: 3.630 Thread 0x00000203ee1bc210 Exception <a 'java/lang/ClassNotFoundException'{0x000000070abc18e8}: liquibase/change/core/SetTableRemarksChangeCustomizer> (0x000000070abc18e8) 
thrown [s\src\hotspot\share\classfile\systemDictionary.cpp, line 256]
Event: 3.630 Thread 0x00000203ee1bc210 Exception <a 'java/lang/ClassNotFoundException'{0x000000070abd87b0}: liquibase/change/core/StopChangeBeanInfo> (0x000000070abd87b0) 
thrown [s\src\hotspot\share\classfile\systemDictionary.cpp, line 256]
Event: 3.631 Thread 0x00000203ee1bc210 Exception <a 'java/lang/ClassNotFoundException'{0x000000070abdb7a8}: liquibase/change/core/StopChangeCustomizer> (0x000000070abdb7a8) 
thrown [s\src\hotspot\share\classfile\systemDictionary.cpp, line 256]
Event: 3.631 Thread 0x00000203ee1bc210 Exception <a 'java/lang/ClassNotFoundException'{0x000000070abeb690}: liquibase/change/core/TagDatabaseChangeBeanInfo> (0x000000070abeb690) 
thrown [s\src\hotspot\share\classfile\systemDictionary.cpp, line 256]
Event: 3.631 Thread 0x00000203ee1bc210 Exception <a 'java/lang/ClassNotFoundException'{0x000000070abee830}: liquibase/change/core/TagDatabaseChangeCustomizer> (0x000000070abee830) 
thrown [s\src\hotspot\share\classfile\systemDictionary.cpp, line 256]
Event: 3.631 Thread 0x00000203ee1bc210 Exception <a 'java/lang/ClassNotFoundException'{0x000000070abfe9c8}: liquibase/change/core/UpdateDataChangeBeanInfo> (0x000000070abfe9c8) 
thrown [s\src\hotspot\share\classfile\systemDictionary.cpp, line 256]
Event: 3.632 Thread 0x00000203ee1bc210 Exception <a 'java/lang/ClassNotFoundException'{0x0000000707a01fb8}: liquibase/change/core/UpdateDataChangeCustomizer> (0x0000000707a01fb8) 
thrown [s\src\hotspot\share\classfile\systemDictionary.cpp, line 256]
Event: 3.632 Thread 0x00000203ee1bc210 Exception <a 'java/lang/ClassNotFoundException'{0x0000000707a18f00}: liquibase/change/custom/CustomChangeWrapperBeanInfo> (0x0000000707a18f00) 
thrown [s\src\hotspot\share\classfile\systemDictionary.cpp, line 256]
Event: 3.632 Thread 0x00000203ee1bc210 Exception <a 'java/lang/ClassNotFoundException'{0x0000000707a1c100}: liquibase/change/custom/CustomChangeWrapperCustomizer> (0x0000000707a1c100) 
thrown [s\src\hotspot\share\classfile\systemDictionary.cpp, line 256]
Event: 3.755 Thread 0x00000203ee1bc210 Exception <a 'java/lang/ClassNotFoundException'{0x00000007143de378}: com/sun/org/apache/xerces/internal/impl/xpath/regex/spi/messageProvider> (0x00000007143de378) 
thrown [s\src\hotspot\share\classfile\systemDictionary.cpp, line 256]
Event: 4.100 Thread 0x00000203ee1bc210 Exception <a 'java/lang/NoSuchMethodError'{0x000000070aaef148}: 'int java.lang.invoke.DirectMethodHandle$Holder.invokeStatic(java.lang.Object, int, java.lang.Object)'> (0x000000070aaef148) 
thrown [s\src\hotspot\share\interpreter\linkResolver.cpp, line 759]
Event: 4.167 Thread 0x00000203ee1bc210 Exception <a 'java/lang/NoSuchMethodError'{0x0000000707691b78}: 'java.lang.Object java.lang.invoke.DirectMethodHandle$Holder.newInvokeSpecial(java.lang.Object, java.lang.Object, java.lang.Object, java.lang.Object, java.lang.Object, java.lang.Object, java.lang.Object, java.lang.Object, java.lang.Object, java.lang.Object, java.lang.Object, java.lang.Object)'> (0x0000000707691b78) 
thrown [s\src\hotspot\share\interpreter\linkResolver.cpp, line 759]
Event: 4.167 Thread 0x00000203ee1bc210 Exception <a 'java/lang/NoSuchMethodError'{0x0000000707696a58}: 'java.lang.Object java.lang.invoke.DirectMethodHandle$Holder.invokeSpecial(java.lang.Object, java.lang.Object, java.lang.Object, java.lang.Object, java.lang.Object, java.lang.Object, java.lang.Object, java.lang.Object, java.lang.Object, java.lang.Object, java.lang.Object, java.lang.Object, java.lang.Object)'> (0x0000000707696a58) 
thrown [s\src\hotspot\share\interpreter\linkResolver.cpp, line 759]
Event: 4.168 Thread 0x00000203ee1bc210 Exception <a 'java/lang/NoSuchMethodError'{0x000000070769b128}: 'java.lang.Object java.lang.invoke.Invokers$Holder.linkToTargetMethod(java.lang.Object, java.lang.Object, java.lang.Object, java.lang.Object, java.lang.Object, java.lang.Object, java.lang.Object, java.lang.Object, java.lang.Object, java.lang.Object, java.lang.Object, java.lang.Object)'> (0x000000070769b128) 
thrown [s\src\hotspot\share\interpreter\linkResolver.cpp, line 759]
Event: 6.213 Thread 0x00000203955e5470 Exception <a 'java/lang/NoSuchMethodError'{0x00000007143126e8}: 'java.lang.Object java.lang.invoke.DirectMethodHandle$Holder.invokeVirtual(java.lang.Object, java.lang.Object, int)'> (0x00000007143126e8) 
thrown [s\src\hotspot\share\interpreter\linkResolver.cpp, line 759]
Event: 6.774 Thread 0x00000203955e5470 Exception <a 'java/lang/NoSuchMethodError'{0x000000070ae060e0}: 'java.lang.Object java.lang.invoke.DirectMethodHandle$Holder.newInvokeSpecial(java.lang.Object, int, java.lang.Object, java.lang.Object)'> (0x000000070ae060e0) 
thrown [s\src\hotspot\share\interpreter\linkResolver.cpp, line 759]
Event: 493.244 Thread 0x0000020397e86b20 Exception <a 'java/lang/NoSuchMethodError'{0x0000000707b204d0}: 'java.lang.Object java.lang.invoke.DirectMethodHandle$Holder.invokeSpecial(java.lang.Object, java.lang.Object, java.lang.Object, java.lang.Object, java.lang.Object, long)'> (0x0000000707b204d0) 
thrown [s\src\hotspot\share\interpreter\linkResolver.cpp, line 759]
Event: 493.244 Thread 0x0000020397e86b20 Exception <a 'java/lang/NoSuchMethodError'{0x0000000707b23ec8}: 'java.lang.Object java.lang.invoke.Invokers$Holder.linkToTargetMethod(java.lang.Object, java.lang.Object, java.lang.Object, long, java.lang.Object)'> (0x0000000707b23ec8) 
thrown [s\src\hotspot\share\interpreter\linkResolver.cpp, line 759]

VM Operations (20 events):
Event: 430.546 Executing VM operation: HandshakeAllThreads
Event: 430.546 Executing VM operation: HandshakeAllThreads done
Event: 431.546 Executing VM operation: Cleanup
Event: 431.546 Executing VM operation: Cleanup done
Event: 439.598 Executing VM operation: HandshakeAllThreads
Event: 439.598 Executing VM operation: HandshakeAllThreads done
Event: 450.697 Executing VM operation: Cleanup
Event: 450.697 Executing VM operation: Cleanup done
Event: 460.778 Executing VM operation: Cleanup
Event: 460.778 Executing VM operation: Cleanup done
Event: 479.996 Executing VM operation: Cleanup
Event: 479.996 Executing VM operation: Cleanup done
Event: 480.915 Executing VM operation: HandshakeAllThreads
Event: 480.915 Executing VM operation: HandshakeAllThreads done
Event: 486.965 Executing VM operation: Cleanup
Event: 486.965 Executing VM operation: Cleanup done
Event: 487.975 Executing VM operation: Cleanup
Event: 487.975 Executing VM operation: Cleanup done
Event: 488.983 Executing VM operation: Cleanup
Event: 488.983 Executing VM operation: Cleanup done

Events (20 events):
Event: 487.300 loading class java/nio/BufferOverflowException
Event: 487.300 loading class java/nio/BufferOverflowException done
Event: 487.301 loading class java/nio/channels/ClosedChannelException
Event: 487.301 loading class java/nio/channels/ClosedChannelException done
Event: 487.302 loading class java/nio/channels/ReadPendingException
Event: 487.302 loading class java/nio/channels/ReadPendingException done
Event: 487.302 loading class java/nio/channels/WritePendingException
Event: 487.302 loading class java/nio/channels/WritePendingException done
Event: 487.305 loading class java/util/concurrent/LinkedBlockingDeque
Event: 487.306 loading class java/util/concurrent/BlockingDeque
Event: 487.306 loading class java/util/concurrent/BlockingDeque done
Event: 487.306 loading class java/util/concurrent/LinkedBlockingDeque done
Event: 487.306 loading class java/util/concurrent/Semaphore
Event: 487.306 loading class java/util/concurrent/Semaphore done
Event: 487.306 loading class java/util/concurrent/Semaphore$NonfairSync
Event: 487.306 loading class java/util/concurrent/Semaphore$Sync
Event: 487.306 loading class java/util/concurrent/Semaphore$Sync done
Event: 487.306 loading class java/util/concurrent/Semaphore$NonfairSync done
Event: 493.226 Thread 0x000002039636c030 Thread added: 0x000002039636c030
Event: 493.226 Thread 0x000002039636c580 Thread added: 0x000002039636c580


Dynamic libraries:
0x00007ff6cf2b0000 - 0x00007ff6cf2be000 	C:\Users\KolaBaka\.p2\pool\plugins\org.eclipse.justj.openjdk.hotspot.jre.full.win32.x86_64_17.0.10.v20240120-1143\jre\bin\javaw.exe
0x00007ff86b5d0000 - 0x00007ff86b7c8000 	C:\Windows\SYSTEM32\ntdll.dll
0x00007ff86ab70000 - 0x00007ff86ac31000 	C:\Windows\System32\KERNEL32.DLL
0x00007ff868f80000 - 0x00007ff869276000 	C:\Windows\System32\KERNELBASE.dll
0x00007ff868cf0000 - 0x00007ff868df0000 	C:\Windows\System32\ucrtbase.dll
0x00007ff865ae0000 - 0x00007ff865af7000 	C:\Users\KolaBaka\.p2\pool\plugins\org.eclipse.justj.openjdk.hotspot.jre.full.win32.x86_64_17.0.10.v20240120-1143\jre\bin\jli.dll
0x00007ff865740000 - 0x00007ff86575b000 	C:\Users\KolaBaka\.p2\pool\plugins\org.eclipse.justj.openjdk.hotspot.jre.full.win32.x86_64_17.0.10.v20240120-1143\jre\bin\VCRUNTIME140.dll
0x00007ff869600000 - 0x00007ff86979f000 	C:\Windows\System32\USER32.dll
0x00007ff85d210000 - 0x00007ff85d4aa000 	C:\Windows\WinSxS\amd64_microsoft.windows.common-controls_6595b64144ccf1df_6.0.19041.4355_none_60b8b9eb71f62e16\COMCTL32.dll
0x00007ff869280000 - 0x00007ff8692a2000 	C:\Windows\System32\win32u.dll
0x00007ff86aa10000 - 0x00007ff86aaae000 	C:\Windows\System32\msvcrt.dll
0x00007ff86a4b0000 - 0x00007ff86a4db000 	C:\Windows\System32\GDI32.dll
0x00007ff8692b0000 - 0x00007ff8693c7000 	C:\Windows\System32\gdi32full.dll
0x00007ff8693d0000 - 0x00007ff86946d000 	C:\Windows\System32\msvcp_win.dll
0x00007ff869fe0000 - 0x00007ff86a00f000 	C:\Windows\System32\IMM32.DLL
0x00007ff865ad0000 - 0x00007ff865adc000 	C:\Users\KolaBaka\.p2\pool\plugins\org.eclipse.justj.openjdk.hotspot.jre.full.win32.x86_64_17.0.10.v20240120-1143\jre\bin\vcruntime140_1.dll
0x00007ff841f30000 - 0x00007ff841fbd000 	C:\Users\KolaBaka\.p2\pool\plugins\org.eclipse.justj.openjdk.hotspot.jre.full.win32.x86_64_17.0.10.v20240120-1143\jre\bin\msvcp140.dll
0x00007ff8092a0000 - 0x00007ff809f02000 	C:\Users\KolaBaka\.p2\pool\plugins\org.eclipse.justj.openjdk.hotspot.jre.full.win32.x86_64_17.0.10.v20240120-1143\jre\bin\server\jvm.dll
0x00007ff86b4e0000 - 0x00007ff86b590000 	C:\Windows\System32\ADVAPI32.dll
0x00007ff86a6a0000 - 0x00007ff86a740000 	C:\Windows\System32\sechost.dll
0x00007ff869e00000 - 0x00007ff869f23000 	C:\Windows\System32\RPCRT4.dll
0x00007ff868df0000 - 0x00007ff868e17000 	C:\Windows\System32\bcrypt.dll
0x00007ff8681c0000 - 0x00007ff86820b000 	C:\Windows\SYSTEM32\POWRPROF.dll
0x00007ff865f40000 - 0x00007ff865f49000 	C:\Windows\SYSTEM32\WSOCK32.dll
0x00007ff86a8f0000 - 0x00007ff86a95b000 	C:\Windows\System32\WS2_32.dll
0x00007ff85adf0000 - 0x00007ff85ae17000 	C:\Windows\SYSTEM32\WINMM.dll
0x00007ff85ff80000 - 0x00007ff85ff8a000 	C:\Windows\SYSTEM32\VERSION.dll
0x00007ff868030000 - 0x00007ff868042000 	C:\Windows\SYSTEM32\UMPDC.dll
0x00007ff866ac0000 - 0x00007ff866ad2000 	C:\Windows\SYSTEM32\kernel.appcore.dll
0x00007ff865b90000 - 0x00007ff865b9a000 	C:\Users\KolaBaka\.p2\pool\plugins\org.eclipse.justj.openjdk.hotspot.jre.full.win32.x86_64_17.0.10.v20240120-1143\jre\bin\jimage.dll
0x00007ff85f7f0000 - 0x00007ff85f9d4000 	C:\Windows\SYSTEM32\DBGHELP.DLL
0x00007ff85f430000 - 0x00007ff85f464000 	C:\Windows\SYSTEM32\dbgcore.DLL
0x00007ff869470000 - 0x00007ff8694f2000 	C:\Windows\System32\bcryptPrimitives.dll
0x00007ff862940000 - 0x00007ff862965000 	C:\Users\KolaBaka\.p2\pool\plugins\org.eclipse.justj.openjdk.hotspot.jre.full.win32.x86_64_17.0.10.v20240120-1143\jre\bin\java.dll
0x00007ff865a00000 - 0x00007ff865a18000 	C:\Users\KolaBaka\.p2\pool\plugins\org.eclipse.justj.openjdk.hotspot.jre.full.win32.x86_64_17.0.10.v20240120-1143\jre\bin\zip.dll
0x00007ff86ad70000 - 0x00007ff86b4dc000 	C:\Windows\System32\SHELL32.dll
0x00007ff866cc0000 - 0x00007ff86745e000 	C:\Windows\SYSTEM32\windows.storage.dll
0x00007ff86a150000 - 0x00007ff86a4a3000 	C:\Windows\System32\combase.dll
0x00007ff8685c0000 - 0x00007ff8685ee000 	C:\Windows\SYSTEM32\Wldp.dll
0x00007ff86a070000 - 0x00007ff86a13d000 	C:\Windows\System32\OLEAUT32.dll
0x00007ff869f30000 - 0x00007ff869fdd000 	C:\Windows\System32\SHCORE.dll
0x00007ff86a010000 - 0x00007ff86a065000 	C:\Windows\System32\shlwapi.dll
0x00007ff868bb0000 - 0x00007ff868bd4000 	C:\Windows\SYSTEM32\profapi.dll
0x00007ff862920000 - 0x00007ff862939000 	C:\Users\KolaBaka\.p2\pool\plugins\org.eclipse.justj.openjdk.hotspot.jre.full.win32.x86_64_17.0.10.v20240120-1143\jre\bin\net.dll
0x00007ff8621c0000 - 0x00007ff8622ca000 	C:\Windows\SYSTEM32\WINHTTP.dll
0x00007ff8683a0000 - 0x00007ff86840a000 	C:\Windows\system32\mswsock.dll
0x00007ff8626b0000 - 0x00007ff8626c6000 	C:\Users\KolaBaka\.p2\pool\plugins\org.eclipse.justj.openjdk.hotspot.jre.full.win32.x86_64_17.0.10.v20240120-1143\jre\bin\nio.dll
0x00007ff865f30000 - 0x00007ff865f3e000 	C:\Users\KolaBaka\.p2\pool\plugins\org.eclipse.justj.openjdk.hotspot.jre.full.win32.x86_64_17.0.10.v20240120-1143\jre\bin\sunmscapi.dll
0x00007ff868e20000 - 0x00007ff868f7e000 	C:\Windows\System32\CRYPT32.dll
0x00007ff868710000 - 0x00007ff868739000 	C:\Windows\SYSTEM32\ncrypt.dll
0x00007ff8686d0000 - 0x00007ff86870b000 	C:\Windows\SYSTEM32\NTASN1.dll
0x00007ff868600000 - 0x00007ff868618000 	C:\Windows\SYSTEM32\CRYPTSP.dll
0x00007ff867c70000 - 0x00007ff867ca4000 	C:\Windows\system32\rsaenh.dll
0x00007ff868b20000 - 0x00007ff868b4e000 	C:\Windows\SYSTEM32\USERENV.dll
0x00007ff868530000 - 0x00007ff86853c000 	C:\Windows\SYSTEM32\CRYPTBASE.dll
0x00007ff868050000 - 0x00007ff86808b000 	C:\Windows\SYSTEM32\IPHLPAPI.DLL
0x00007ff86a4e0000 - 0x00007ff86a4e8000 	C:\Windows\System32\NSI.dll
0x00007ff862c20000 - 0x00007ff862c37000 	C:\Windows\SYSTEM32\dhcpcsvc6.DLL
0x00007ff862ac0000 - 0x00007ff862add000 	C:\Windows\SYSTEM32\dhcpcsvc.DLL
0x00007ff868090000 - 0x00007ff86815a000 	C:\Windows\SYSTEM32\DNSAPI.dll
0x00007ff863220000 - 0x00007ff863229000 	C:\Users\KolaBaka\.p2\pool\plugins\org.eclipse.justj.openjdk.hotspot.jre.full.win32.x86_64_17.0.10.v20240120-1143\jre\bin\management.dll
0x00007ff8629f0000 - 0x00007ff8629fb000 	C:\Users\KolaBaka\.p2\pool\plugins\org.eclipse.justj.openjdk.hotspot.jre.full.win32.x86_64_17.0.10.v20240120-1143\jre\bin\management_ext.dll
0x00007ff86a140000 - 0x00007ff86a148000 	C:\Windows\System32\PSAPI.DLL
0x00007ff85fd00000 - 0x00007ff85fd0a000 	C:\Windows\System32\rasadhlp.dll
0x00007ff861c50000 - 0x00007ff861cd0000 	C:\Windows\System32\fwpuclnt.dll
0x00007ff862680000 - 0x00007ff862687000 	C:\Windows\system32\wshunix.dll
0x00007ff865790000 - 0x00007ff865799000 	C:\Users\KolaBaka\.p2\pool\plugins\org.eclipse.justj.openjdk.hotspot.jre.full.win32.x86_64_17.0.10.v20240120-1143\jre\bin\extnet.dll
0x00007ff8472b0000 - 0x00007ff8472c7000 	C:\Windows\system32\napinsp.dll
0x00007ff845230000 - 0x00007ff84524b000 	C:\Windows\system32\pnrpnsp.dll
0x00007ff861980000 - 0x00007ff861995000 	C:\Windows\system32\wshbth.dll
0x00007ff861c20000 - 0x00007ff861c3d000 	C:\Windows\system32\NLAapi.dll
0x00007ff845210000 - 0x00007ff845222000 	C:\Windows\System32\winrnr.dll

dbghelp: loaded successfully - version: 4.0.5 - missing functions: none
symbol engine: initialized successfully - sym options: 0x614 - pdb path: .;C:\Users\KolaBaka\.p2\pool\plugins\org.eclipse.justj.openjdk.hotspot.jre.full.win32.x86_64_17.0.10.v20240120-1143\jre\bin;C:\Windows\SYSTEM32;C:\Windows\WinSxS\amd64_microsoft.windows.common-controls_6595b64144ccf1df_6.0.19041.4355_none_60b8b9eb71f62e16;C:\Users\KolaBaka\.p2\pool\plugins\org.eclipse.justj.openjdk.hotspot.jre.full.win32.x86_64_17.0.10.v20240120-1143\jre\bin\server

VM Arguments:
jvm_args: -Dfile.encoding=UTF-8 -Dstdout.encoding=UTF-8 -Dstderr.encoding=UTF-8 -XX:+ShowCodeDetailsInExceptionMessages 
java_command: com.banturov.test_task.TestTaskApplication
java_class_path (initial): W:\code\java\test_task\target\classes;C:\Users\KolaBaka\.m2\repository\org\springframework\boot\spring-boot-starter\3.3.1\spring-boot-starter-3.3.1.jar;C:\Users\KolaBaka\.m2\repository\org\springframework\boot\spring-boot\3.3.1\spring-boot-3.3.1.jar;C:\Users\KolaBaka\.m2\repository\org\springframework\boot\spring-boot-autoconfigure\3.3.1\spring-boot-autoconfigure-3.3.1.jar;C:\Users\KolaBaka\.m2\repository\org\springframework\boot\spring-boot-starter-logging\3.3.1\spring-boot-starter-logging-3.3.1.jar;C:\Users\KolaBaka\.m2\repository\ch\qos\logback\logback-classic\1.5.6\logback-classic-1.5.6.jar;C:\Users\KolaBaka\.m2\repository\ch\qos\logback\logback-core\1.5.6\logback-core-1.5.6.jar;C:\Users\KolaBaka\.m2\repository\org\apache\logging\log4j\log4j-to-slf4j\2.23.1\log4j-to-slf4j-2.23.1.jar;C:\Users\KolaBaka\.m2\repository\org\apache\logging\log4j\log4j-api\2.23.1\log4j-api-2.23.1.jar;C:\Users\KolaBaka\.m2\repository\org\slf4j\jul-to-slf4j\2.0.13\jul-to-slf4j-2.0.13.jar;C:\Users\KolaBaka\.m2\repository\jakarta\annotation\jakarta.annotation-api\2.1.1\jakarta.annotation-api-2.1.1.jar;C:\Users\KolaBaka\.m2\repository\org\springframework\spring-core\6.1.10\spring-core-6.1.10.jar;C:\Users\KolaBaka\.m2\repository\org\springframework\spring-jcl\6.1.10\spring-jcl-6.1.10.jar;C:\Users\KolaBaka\.m2\repository\org\yaml\snakeyaml\2.2\snakeyaml-2.2.jar;C:\Users\KolaBaka\.m2\repository\org\slf4j\slf4j-api\2.0.13\slf4j-api-2.0.13.jar;C:\Users\KolaBaka\.m2\repository\jakarta\xml\bind\jakarta.xml.bind-api\4.0.2\jakarta.xml.bind-api-4.0.2.jar;C:\Users\KolaBaka\.m2\repository\jakarta\activation\jakarta.activation-api\2.1.3\jakarta.activation-api-2.1.3.jar;C:\Users\KolaBaka\.m2\repository\org\springframework\boot\spring-boot-starter-web\3.3.1\spring-boot-starter-web-3.3.1.jar;C:\Users\KolaBaka\.m2\repository\org\springframework\boot\spring-boot-starter-json\3.3.1\spring-boot-starter-json-3.3.1.jar;C:\Users\KolaBaka\.m2\repository\com\fasterxml\jackson\core\jacks
Launcher Type: SUN_STANDARD

[Global flags]
     intx CICompilerCount                          = 12                                        {product} {ergonomic}
     uint ConcGCThreads                            = 3                                         {product} {ergonomic}
     uint G1ConcRefinementThreads                  = 13                                        {product} {ergonomic}
   size_t G1HeapRegionSize                         = 2097152                                   {product} {ergonomic}
    uintx GCDrainStackTargetSize                   = 64                                        {product} {ergonomic}
   size_t InitialHeapSize                          = 264241152                                 {product} {ergonomic}
   size_t MarkStackSize                            = 4194304                                   {product} {ergonomic}
   size_t MaxHeapSize                              = 4219469824                                {product} {ergonomic}
   size_t MaxNewSize                               = 2531262464                                {product} {ergonomic}
   size_t MinHeapDeltaBytes                        = 2097152                                   {product} {ergonomic}
   size_t MinHeapSize                              = 8388608                                   {product} {ergonomic}
    uintx NonNMethodCodeHeapSize                   = 7602480                                {pd product} {ergonomic}
    uintx NonProfiledCodeHeapSize                  = 122027880                              {pd product} {ergonomic}
    uintx ProfiledCodeHeapSize                     = 122027880                              {pd product} {ergonomic}
    uintx ReservedCodeCacheSize                    = 251658240                              {pd product} {ergonomic}
     bool SegmentedCodeCache                       = true                                      {product} {ergonomic}
     bool ShowCodeDetailsInExceptionMessages       = true                                   {manageable} {command line}
   size_t SoftMaxHeapSize                          = 4219469824                             {manageable} {ergonomic}
     bool UseCompressedClassPointers               = true                           {product lp64_product} {ergonomic}
     bool UseCompressedOops                        = true                           {product lp64_product} {ergonomic}
     bool UseG1GC                                  = true                                      {product} {ergonomic}
     bool UseLargePagesIndividualAllocation        = false                                  {pd product} {ergonomic}

Logging:
Log output configuration:
 #0: stdout all=warning uptime,level,tags
 #1: stderr all=off uptime,level,tags

Environment Variables:
PATH=C:/Users/KolaBaka/.p2/pool/plugins/org.eclipse.justj.openjdk.hotspot.jre.full.win32.x86_64_17.0.10.v20240120-1143/jre/bin/server;C:/Users/KolaBaka/.p2/pool/plugins/org.eclipse.justj.openjdk.hotspot.jre.full.win32.x86_64_17.0.10.v20240120-1143/jre/bin;C:\Program Files (x86)\Common Files\Intel\Shared Libraries\redist\intel64\compiler;C:\Program Files\Python39\Scripts\;C:\Program Files\Python39\;C:\Windows\system32;C:\Windows;C:\Windows\System32\Wbem;C:\Windows\System32\WindowsPowerShell\v1.0\;C:\Windows\System32\OpenSSH\;C:\Program Files\NVIDIA Corporation\NVIDIA NvDLISR;C:\Program Files (x86)\NVIDIA Corporation\PhysX\Common;C:\Users\KolaBaka\AppData\Roaming\Python\Python312\Scripts;W:\Other_prog\Git\cmd;C:\Program Files (x86)\Windows Kits\10\Windows Performance Toolkit\;C:\Program Files\CMake\bin;C:\Program Files (x86)\VTK\bin;C:\Program Files (x86)\Common Files\Acronis\SnapAPI\;C:\Program Files\Docker\Docker\resources\bin;C:\Program Files\MySQL\MySQL Shell 8.0\bin\;C:\Users\KolaBaka\AppData\Local\Microsoft\WindowsApps;C:\Program Files\JetBrains\PyCharm 2023.2.5\bin;C:\Users\KolaBaka\AppData\Local\rodeo\app-2.5.2\bin;C:\Users\KolaBaka\AppData\Local\GitHubDesktop\bin;C:\Program Files\JetBrains\IntelliJ IDEA 2023.2.5\bin;;C:\Windows\System32;
USERNAME=KolaBaka
OS=Windows_NT
PROCESSOR_IDENTIFIER=Intel64 Family 6 Model 154 Stepping 3, GenuineIntel
TMP=C:\Users\KolaBaka\AppData\Local\Temp
TEMP=C:\Users\KolaBaka\AppData\Local\Temp



Periodic native trim disabled


---------------  S Y S T E M  ---------------

OS:
 Windows 10 , 64 bit Build 19041 (10.0.19041.4597)
OS uptime: 1 days 15:33 hours
Hyper-V role detected

CPU: total 16 (initial active 16) (8 cores per cpu, 2 threads per core) family 6 model 154 stepping 3 microcode 0x421, cx8, cmov, fxsr, ht, mmx, 3dnowpref, sse, sse2, sse3, ssse3, sse4.1, sse4.2, popcnt, lzcnt, tsc, tscinvbit, avx, avx2, aes, erms, clmul, bmi1, bmi2, adx, sha, fma, vzeroupper, clflush, clflushopt, clwb, hv
Processor Information for processor 0
  Max Mhz: 2500, Current Mhz: 2500, Mhz Limit: 1800
Processor Information for processor 1
  Max Mhz: 2500, Current Mhz: 2500, Mhz Limit: 1800
Processor Information for processor 2
  Max Mhz: 2500, Current Mhz: 2500, Mhz Limit: 2500
Processor Information for processor 3
  Max Mhz: 2500, Current Mhz: 2500, Mhz Limit: 2500
Processor Information for processor 4
  Max Mhz: 2500, Current Mhz: 2500, Mhz Limit: 2500
Processor Information for processor 5
  Max Mhz: 2500, Current Mhz: 2500, Mhz Limit: 2500
Processor Information for processor 6
  Max Mhz: 2500, Current Mhz: 2500, Mhz Limit: 2500
Processor Information for processor 7
  Max Mhz: 2500, Current Mhz: 2500, Mhz Limit: 2500
Processor Information for processor 8
  Max Mhz: 2500, Current Mhz: 1800, Mhz Limit: 1800
Processor Information for processor 9
  Max Mhz: 2500, Current Mhz: 1800, Mhz Limit: 1800
Processor Information for processor 10
  Max Mhz: 2500, Current Mhz: 1800, Mhz Limit: 1800
Processor Information for processor 11
  Max Mhz: 2500, Current Mhz: 1800, Mhz Limit: 1800
Processor Information for processor 12
  Max Mhz: 2500, Current Mhz: 1800, Mhz Limit: 1800
Processor Information for processor 13
  Max Mhz: 2500, Current Mhz: 1800, Mhz Limit: 1800
Processor Information for processor 14
  Max Mhz: 2500, Current Mhz: 1800, Mhz Limit: 1800
Processor Information for processor 15
  Max Mhz: 2500, Current Mhz: 1800, Mhz Limit: 1800

Memory: 4k page, system-wide physical 16088M (2155M free)
TotalPageFile size 16088M (AvailPageFile size 5M)
current process WorkingSet (physical memory assigned to process): 238M, peak: 317M
current process commit charge ("private bytes"): 281M, peak: 395M

vm_info: OpenJDK 64-Bit Server VM (17.0.10+7) for windows-amd64 JRE (17.0.10+7), built on Jan 16 2024 23:25:11 by "admin" with MS VC++ 16.10 / 16.11 (VS2019)

END.
