#
# There is insufficient memory for the Java Runtime Environment to continue.
# Native memory allocation (malloc) failed to allocate 1082096 bytes for Chunk::new
# Possible reasons:
#   The system is out of physical RAM or swap space
#   The process is running with CompressedOops enabled, and the Java Heap may be blocking the growth of the native heap
# Possible solutions:
#   Reduce memory load on the system
#   Increase physical memory or swap space
#   Check if swap backing store is full
#   Decrease Java heap size (-Xmx/-Xms)
#   Decrease number of Java threads
#   Decrease Java thread stack sizes (-Xss)
#   Set larger code cache with -XX:ReservedCodeCacheSize=
#   JVM is running with Zero Based Compressed Oops mode in which the Java heap is
#     placed in the first 32GB address space. The Java Heap base address is the
#     maximum limit for the native heap growth. Please use -XX:HeapBaseMinAddress
#     to set the Java Heap base and to place the Java Heap above 32GB virtual address.
# This output file may be truncated or incomplete.
#
#  Out of Memory Error (arena.cpp:191), pid=5040, tid=15120
#
# JRE version: OpenJDK Runtime Environment Temurin-17.0.10+7 (17.0.10+7) (build 17.0.10+7)
# Java VM: OpenJDK 64-Bit Server VM Temurin-17.0.10+7 (17.0.10+7, mixed mode, tiered, compressed oops, compressed class ptrs, g1 gc, windows-amd64)
# No core dump will be written. Minidumps are not enabled by default on client versions of Windows
#

---------------  S U M M A R Y ------------

Command Line: -Dfile.encoding=UTF-8 -Dstdout.encoding=UTF-8 -Dstderr.encoding=UTF-8 -XX:+ShowCodeDetailsInExceptionMessages com.banturov.test_task.TestTaskApplication

Host: 12th Gen Intel(R) Core(TM) i5-12500H, 16 cores, 15G,  Windows 10 , 64 bit Build 19041 (10.0.19041.3636)
Time: Thu Jul 11 20:11:51 2024 RTZ 2 (s 10 , 64 bit Build 19041 (10.0.19041.3636) elapsed time: 13.215084 seconds (0d 0h 0m 13s)

---------------  T H R E A D  ---------------

Current thread (0x000002300b062ad0):  JavaThread "C2 CompilerThread3" daemon [_thread_in_native, id=15120, stack(0x0000008c6fc00000,0x0000008c6fd00000)]


Current CompileTask:
C2:  13215 4875       4       org.springframework.core.ResolvableType::hasGenerics (14 bytes)

Stack: [0x0000008c6fc00000,0x0000008c6fd00000]
Native frames: (J=compiled Java code, j=interpreted, Vv=VM code, C=native code)
V  [jvm.dll+0x67d2c9]
V  [jvm.dll+0x834afa]
V  [jvm.dll+0x8365be]
V  [jvm.dll+0x836c23]
V  [jvm.dll+0x2477ff]
V  [jvm.dll+0xac514]
V  [jvm.dll+0xacb5c]
V  [jvm.dll+0x2aed1f]
V  [jvm.dll+0x584b67]
V  [jvm.dll+0x2228a2]
V  [jvm.dll+0x222c8f]
V  [jvm.dll+0x21bdb6]
V  [jvm.dll+0x219201]
V  [jvm.dll+0x1a502d]
V  [jvm.dll+0x2290de]
V  [jvm.dll+0x2272ac]
V  [jvm.dll+0x7e9bb7]
V  [jvm.dll+0x7e3fba]
V  [jvm.dll+0x67c1b5]
C  [ucrtbase.dll+0x21bb2]
C  [KERNEL32.DLL+0x17344]
C  [ntdll.dll+0x4cc91]


---------------  P R O C E S S  ---------------

Threads class SMR info:
_java_thread_list=0x000002300be8c850, length=36, elements={
0x000002305eb7c670, 0x00000230000b5030, 0x00000230000b7de0, 0x00000230000cc3f0,
0x00000230000cded0, 0x00000230000d09a0, 0x00000230000fd010, 0x00000230000fe620,
0x0000023000104d50, 0x0000023000112c10, 0x0000023000278f80, 0x0000023000281500,
0x00000230073fae10, 0x0000023007dd0590, 0x00000230061e8a50, 0x000002300b069a60,
0x000002300b063570, 0x0000023006f24200, 0x0000023006f25130, 0x0000023006f25640,
0x0000023006f24710, 0x0000023006f24c20, 0x0000023006f26570, 0x0000023006f26a80,
0x0000023006f232d0, 0x000002300b064010, 0x0000023006f25b50, 0x0000023006f237e0,
0x0000023006f23cf0, 0x00000230005e8a50, 0x000002300b062ad0, 0x000002300b065ff0,
0x000002300b062580, 0x00000230005ef4a0, 0x00000230005e8540, 0x00000230005eb2d0
}

Java Threads: ( => current thread )
  0x000002305eb7c670 JavaThread "main" [_thread_in_Java, id=15048, stack(0x0000008c6c800000,0x0000008c6c900000)]
  0x00000230000b5030 JavaThread "Reference Handler" daemon [_thread_blocked, id=21088, stack(0x0000008c6cf00000,0x0000008c6d000000)]
  0x00000230000b7de0 JavaThread "Finalizer" daemon [_thread_blocked, id=14408, stack(0x0000008c6d000000,0x0000008c6d100000)]
  0x00000230000cc3f0 JavaThread "Signal Dispatcher" daemon [_thread_blocked, id=7360, stack(0x0000008c6d100000,0x0000008c6d200000)]
  0x00000230000cded0 JavaThread "Attach Listener" daemon [_thread_blocked, id=13664, stack(0x0000008c6d200000,0x0000008c6d300000)]
  0x00000230000d09a0 JavaThread "Service Thread" daemon [_thread_blocked, id=3548, stack(0x0000008c6d300000,0x0000008c6d400000)]
  0x00000230000fd010 JavaThread "Monitor Deflation Thread" daemon [_thread_blocked, id=2656, stack(0x0000008c6d400000,0x0000008c6d500000)]
  0x00000230000fe620 JavaThread "C2 CompilerThread0" daemon [_thread_in_native, id=18404, stack(0x0000008c6d500000,0x0000008c6d600000)]
  0x0000023000104d50 JavaThread "C1 CompilerThread0" daemon [_thread_blocked, id=17580, stack(0x0000008c6d600000,0x0000008c6d700000)]
  0x0000023000112c10 JavaThread "Sweeper thread" daemon [_thread_blocked, id=20188, stack(0x0000008c6d700000,0x0000008c6d800000)]
  0x0000023000278f80 JavaThread "Notification Thread" daemon [_thread_blocked, id=1400, stack(0x0000008c6da00000,0x0000008c6db00000)]
  0x0000023000281500 JavaThread "Common-Cleaner" daemon [_thread_blocked, id=6356, stack(0x0000008c6dc00000,0x0000008c6dd00000)]
  0x00000230073fae10 JavaThread "Catalina-utility-1" [_thread_blocked, id=21200, stack(0x0000008c6e500000,0x0000008c6e600000)]
  0x0000023007dd0590 JavaThread "Catalina-utility-2" [_thread_blocked, id=5736, stack(0x0000008c6f200000,0x0000008c6f300000)]
  0x00000230061e8a50 JavaThread "container-0" [_thread_blocked, id=5108, stack(0x0000008c6f300000,0x0000008c6f400000)]
  0x000002300b069a60 JavaThread "C1 CompilerThread1" daemon [_thread_blocked, id=12428, stack(0x0000008c6d800000,0x0000008c6d900000)]
  0x000002300b063570 JavaThread "C2 CompilerThread1" daemon [_thread_in_native, id=17044, stack(0x0000008c6d900000,0x0000008c6da00000)]
  0x0000023006f24200 JavaThread "http-nio-8080-exec-1" daemon [_thread_blocked, id=8200, stack(0x0000008c6dd00000,0x0000008c6de00000)]
  0x0000023006f25130 JavaThread "http-nio-8080-exec-2" daemon [_thread_blocked, id=8360, stack(0x0000008c6de00000,0x0000008c6df00000)]
  0x0000023006f25640 JavaThread "http-nio-8080-exec-3" daemon [_thread_blocked, id=16916, stack(0x0000008c6e400000,0x0000008c6e500000)]
  0x0000023006f24710 JavaThread "http-nio-8080-exec-4" daemon [_thread_blocked, id=11940, stack(0x0000008c6ec00000,0x0000008c6ed00000)]
  0x0000023006f24c20 JavaThread "http-nio-8080-exec-5" daemon [_thread_blocked, id=18308, stack(0x0000008c6ed00000,0x0000008c6ee00000)]
  0x0000023006f26570 JavaThread "http-nio-8080-exec-6" daemon [_thread_blocked, id=14844, stack(0x0000008c6ee00000,0x0000008c6ef00000)]
  0x0000023006f26a80 JavaThread "http-nio-8080-exec-7" daemon [_thread_blocked, id=15992, stack(0x0000008c6f400000,0x0000008c6f500000)]
  0x0000023006f232d0 JavaThread "http-nio-8080-exec-8" daemon [_thread_blocked, id=18068, stack(0x0000008c6f600000,0x0000008c6f700000)]
  0x000002300b064010 JavaThread "C2 CompilerThread2" daemon [_thread_in_native, id=13380, stack(0x0000008c6f500000,0x0000008c6f600000)]
  0x0000023006f25b50 JavaThread "http-nio-8080-exec-9" daemon [_thread_blocked, id=17620, stack(0x0000008c6f800000,0x0000008c6f900000)]
  0x0000023006f237e0 JavaThread "http-nio-8080-exec-10" daemon [_thread_blocked, id=8332, stack(0x0000008c6f900000,0x0000008c6fa00000)]
  0x0000023006f23cf0 JavaThread "http-nio-8080-Poller" daemon [_thread_in_native, id=1368, stack(0x0000008c6fa00000,0x0000008c6fb00000)]
  0x00000230005e8a50 JavaThread "http-nio-8080-Acceptor" daemon [_thread_in_native, id=2616, stack(0x0000008c6fb00000,0x0000008c6fc00000)]
=>0x000002300b062ad0 JavaThread "C2 CompilerThread3" daemon [_thread_in_native, id=15120, stack(0x0000008c6fc00000,0x0000008c6fd00000)]
  0x000002300b065ff0 JavaThread "C2 CompilerThread4" daemon [_thread_in_native, id=20088, stack(0x0000008c6fd00000,0x0000008c6fe00000)]
  0x000002300b062580 JavaThread "C1 CompilerThread2" daemon [_thread_blocked, id=1488, stack(0x0000008c6fe00000,0x0000008c6ff00000)]
  0x00000230005ef4a0 JavaThread "ThreadPoolTaskScheduler-1" [_thread_blocked, id=16380, stack(0x0000008c6ff00000,0x0000008c70000000)]
  0x00000230005e8540 JavaThread "org.springframework.kafka.KafkaListenerEndpointContainer#0-0-C-1" [_thread_blocked, id=17692, stack(0x0000008c70000000,0x0000008c70100000)]
  0x00000230005eb2d0 JavaThread "mysql-cj-abandoned-connection-cleanup" daemon [_thread_blocked, id=4796, stack(0x0000008c70100000,0x0000008c70200000)]

Other Threads:
  0x00000230000a0ff0 VMThread "VM Thread" [stack: 0x0000008c6ce00000,0x0000008c6cf00000] [id=16040]
  0x0000023000279870 WatcherThread [stack: 0x0000008c6db00000,0x0000008c6dc00000] [id=14732]
  0x000002305ebe8590 GCTaskThread "GC Thread#0" [stack: 0x0000008c6c900000,0x0000008c6ca00000] [id=6452]
  0x0000023006377290 GCTaskThread "GC Thread#1" [stack: 0x0000008c6df00000,0x0000008c6e000000] [id=7940]
  0x00000230056a5f00 GCTaskThread "GC Thread#2" [stack: 0x0000008c6e000000,0x0000008c6e100000] [id=19184]
  0x000002300614a090 GCTaskThread "GC Thread#3" [stack: 0x0000008c6e100000,0x0000008c6e200000] [id=18196]
  0x0000023005c32800 GCTaskThread "GC Thread#4" [stack: 0x0000008c6e200000,0x0000008c6e300000] [id=6284]
  0x0000023005c32ac0 GCTaskThread "GC Thread#5" [stack: 0x0000008c6e300000,0x0000008c6e400000] [id=6736]
  0x00000230066eaf10 GCTaskThread "GC Thread#6" [stack: 0x0000008c6e600000,0x0000008c6e700000] [id=8724]
  0x0000023005fc9040 GCTaskThread "GC Thread#7" [stack: 0x0000008c6e700000,0x0000008c6e800000] [id=14560]
  0x0000023005d72270 GCTaskThread "GC Thread#8" [stack: 0x0000008c6e800000,0x0000008c6e900000] [id=17496]
  0x00000230062dc580 GCTaskThread "GC Thread#9" [stack: 0x0000008c6e900000,0x0000008c6ea00000] [id=15616]
  0x0000023005fefda0 GCTaskThread "GC Thread#10" [stack: 0x0000008c6ef00000,0x0000008c6f000000] [id=20916]
  0x000002300729ab70 GCTaskThread "GC Thread#11" [stack: 0x0000008c6f000000,0x0000008c6f100000] [id=16616]
  0x000002300729a330 GCTaskThread "GC Thread#12" [stack: 0x0000008c6f100000,0x0000008c6f200000] [id=12372]
  0x000002305ebf9800 ConcurrentGCThread "G1 Main Marker" [stack: 0x0000008c6ca00000,0x0000008c6cb00000] [id=15848]
  0x000002305ebfa230 ConcurrentGCThread "G1 Conc#0" [stack: 0x0000008c6cb00000,0x0000008c6cc00000] [id=19496]
  0x000002300605ffc0 ConcurrentGCThread "G1 Conc#1" [stack: 0x0000008c6ea00000,0x0000008c6eb00000] [id=10316]
  0x00000230063b3c50 ConcurrentGCThread "G1 Conc#2" [stack: 0x0000008c6eb00000,0x0000008c6ec00000] [id=10864]
  0x000002305ec2e1b0 ConcurrentGCThread "G1 Refine#0" [stack: 0x0000008c6cc00000,0x0000008c6cd00000] [id=9240]
  0x000002305ec2ebe0 ConcurrentGCThread "G1 Service" [stack: 0x0000008c6cd00000,0x0000008c6ce00000] [id=19964]

Threads with active compile tasks:
C2 CompilerThread0    13229 4879       4       org.springframework.core.annotation.AnnotationsScanner::getDeclaredAnnotations (166 bytes)
C2 CompilerThread1    13229 4877       4       org.springframework.core.annotation.TypeMappedAnnotations::get (52 bytes)
C2 CompilerThread2    13229 4883       4       org.springframework.core.annotation.TypeMappedAnnotations$MergedAnnotationFinder::doWithAnnotations (75 bytes)
C2 CompilerThread3    13229 4875       4       org.springframework.core.ResolvableType::hasGenerics (14 bytes)
C2 CompilerThread4    13229 4876       4       org.springframework.beans.factory.support.AbstractBeanFactory::isTypeMatch (745 bytes)

VM state: not at safepoint (normal execution)

VM Mutex/Monitor currently owned by a thread: None

Heap address: 0x0000000704800000, size: 4024 MB, Compressed Oops mode: Zero based, Oop shift amount: 3

CDS archive(s) not mapped
Compressed class space mapped at: 0x0000000800000000-0x0000000840000000, reserved size: 1073741824
Narrow klass base: 0x0000000800000000, Narrow klass shift: 0, Narrow klass range: 0x40000000

GC Precious Log:
 CPUs: 16 total, 16 available
 Memory: 16088M
 Large Page Support: Disabled
 NUMA Support: Disabled
 Compressed Oops: Enabled (Zero based)
 Heap Region Size: 2M
 Heap Min Capacity: 8M
 Heap Initial Capacity: 252M
 Heap Max Capacity: 4024M
 Pre-touch: Disabled
 Parallel Workers: 13
 Concurrent Workers: 3
 Concurrent Refinement Workers: 13
 Periodic GC: Disabled

Heap:
 garbage-first heap   total 61440K, used 27256K [0x0000000704800000, 0x0000000800000000)
  region size 2048K, 5 young (10240K), 1 survivors (2048K)
 Metaspace       used 54573K, committed 55104K, reserved 1114112K
  class space    used 6218K, committed 6464K, reserved 1048576K

Heap Regions: E=young(eden), S=young(survivor), O=old, HS=humongous(starts), HC=humongous(continues), CS=collection set, F=free, OA=open archive, CA=closed archive, TAMS=top-at-mark-start (previous, next)
|   0|0x0000000704800000, 0x0000000704a00000, 0x0000000704a00000|100%| O|  |TAMS 0x0000000704a00000, 0x0000000704800000| Untracked 
|   1|0x0000000704a00000, 0x0000000704c00000, 0x0000000704c00000|100%| O|  |TAMS 0x0000000704c00000, 0x0000000704a00000| Untracked 
|   2|0x0000000704c00000, 0x0000000704e00000, 0x0000000704e00000|100%| O|  |TAMS 0x0000000704c00000, 0x0000000704c00000| Untracked 
|   3|0x0000000704e00000, 0x0000000705000000, 0x0000000705000000|100%| O|  |TAMS 0x0000000705000000, 0x0000000704e00000| Untracked 
|   4|0x0000000705000000, 0x0000000705200000, 0x0000000705200000|100%| O|  |TAMS 0x0000000705200000, 0x0000000705000000| Untracked 
|   5|0x0000000705200000, 0x0000000705400000, 0x0000000705400000|100%| O|  |TAMS 0x0000000705200000, 0x0000000705200000| Untracked 
|   6|0x0000000705400000, 0x0000000705600000, 0x0000000705600000|100%| O|  |TAMS 0x0000000705400000, 0x0000000705400000| Untracked 
|   7|0x0000000705600000, 0x0000000705800000, 0x0000000705800000|100%| O|  |TAMS 0x0000000705600000, 0x0000000705600000| Untracked 
|   8|0x0000000705800000, 0x000000070594b800, 0x0000000705a00000| 64%| O|  |TAMS 0x0000000705800000, 0x0000000705800000| Untracked 
|   9|0x0000000705a00000, 0x0000000705c00000, 0x0000000705c00000|100%| O|  |TAMS 0x0000000705a00000, 0x0000000705a00000| Untracked 
|  10|0x0000000705c00000, 0x0000000705c00000, 0x0000000705e00000|  0%| F|  |TAMS 0x0000000705c00000, 0x0000000705c00000| Untracked 
|  11|0x0000000705e00000, 0x0000000705e00000, 0x0000000706000000|  0%| F|  |TAMS 0x0000000705e00000, 0x0000000705e00000| Untracked 
|  12|0x0000000706000000, 0x0000000706000000, 0x0000000706200000|  0%| F|  |TAMS 0x0000000706000000, 0x0000000706000000| Untracked 
|  13|0x0000000706200000, 0x0000000706200000, 0x0000000706400000|  0%| F|  |TAMS 0x0000000706200000, 0x0000000706200000| Untracked 
|  14|0x0000000706400000, 0x0000000706400000, 0x0000000706600000|  0%| F|  |TAMS 0x0000000706400000, 0x0000000706400000| Untracked 
|  15|0x0000000706600000, 0x0000000706600000, 0x0000000706800000|  0%| F|  |TAMS 0x0000000706600000, 0x0000000706600000| Untracked 
|  16|0x0000000706800000, 0x0000000706800000, 0x0000000706a00000|  0%| F|  |TAMS 0x0000000706800000, 0x0000000706800000| Untracked 
|  17|0x0000000706a00000, 0x0000000706b52a00, 0x0000000706c00000| 66%| S|CS|TAMS 0x0000000706a00000, 0x0000000706a00000| Complete 
|  18|0x0000000706c00000, 0x0000000706c00000, 0x0000000706e00000|  0%| F|  |TAMS 0x0000000706c00000, 0x0000000706c00000| Untracked 
|  19|0x0000000706e00000, 0x0000000706e00000, 0x0000000707000000|  0%| F|  |TAMS 0x0000000706e00000, 0x0000000706e00000| Untracked 
|  20|0x0000000707000000, 0x0000000707000000, 0x0000000707200000|  0%| F|  |TAMS 0x0000000707000000, 0x0000000707000000| Untracked 
|  21|0x0000000707200000, 0x0000000707200000, 0x0000000707400000|  0%| F|  |TAMS 0x0000000707200000, 0x0000000707200000| Untracked 
|  22|0x0000000707400000, 0x0000000707400000, 0x0000000707600000|  0%| F|  |TAMS 0x0000000707400000, 0x0000000707400000| Untracked 
|  23|0x0000000707600000, 0x0000000707600000, 0x0000000707800000|  0%| F|  |TAMS 0x0000000707600000, 0x0000000707600000| Untracked 
|  24|0x0000000707800000, 0x0000000707800000, 0x0000000707a00000|  0%| F|  |TAMS 0x0000000707800000, 0x0000000707800000| Untracked 
|  25|0x0000000707a00000, 0x0000000707a00000, 0x0000000707c00000|  0%| F|  |TAMS 0x0000000707a00000, 0x0000000707a00000| Untracked 
|  49|0x000000070aa00000, 0x000000070ac00000, 0x000000070ac00000|100%| E|  |TAMS 0x000000070aa00000, 0x000000070aa00000| Complete 
|  50|0x000000070ac00000, 0x000000070ae00000, 0x000000070ae00000|100%| E|CS|TAMS 0x000000070ac00000, 0x000000070ac00000| Complete 
|  51|0x000000070ae00000, 0x000000070b000000, 0x000000070b000000|100%| E|CS|TAMS 0x000000070ae00000, 0x000000070ae00000| Complete 
| 125|0x0000000714200000, 0x0000000714400000, 0x0000000714400000|100%| E|CS|TAMS 0x0000000714200000, 0x0000000714200000| Complete 

Card table byte_map: [0x00000230741c0000,0x00000230749a0000] _byte_map_base: 0x000002307099c000

Marking Bits (Prev, Next): (CMBitMap*) 0x000002305ebe8bb0, (CMBitMap*) 0x000002305ebe8bf0
 Prev Bits: [0x0000023075180000, 0x0000023079060000)
 Next Bits: [0x0000023079060000, 0x000002307cf40000)

Polling page: 0x000002305ec30000

Metaspace:

Usage:
  Non-class:     47.24 MB used.
      Class:      6.07 MB used.
       Both:     53.32 MB used.

Virtual space:
  Non-class space:       64.00 MB reserved,      47.50 MB ( 74%) committed,  1 nodes.
      Class space:        1.00 GB reserved,       6.31 MB ( <1%) committed,  1 nodes.
             Both:        1.06 GB reserved,      53.81 MB (  5%) committed. 

Chunk freelists:
   Non-Class:  224.00 KB
       Class:  9.67 MB
        Both:  9.89 MB

MaxMetaspaceSize: unlimited
CompressedClassSpaceSize: 1.00 GB
Initial GC threshold: 21.00 MB
Current GC threshold: 58.88 MB
CDS: off
MetaspaceReclaimPolicy: balanced
 - commit_granule_bytes: 65536.
 - commit_granule_words: 8192.
 - virtual_space_node_default_size: 8388608.
 - enlarge_chunks_in_place: 1.
 - new_chunks_are_fully_committed: 0.
 - uncommit_free_chunks: 1.
 - use_allocation_guard: 0.
 - handle_deallocations: 1.


Internal statistics:

num_allocs_failed_limit: 8.
num_arena_births: 582.
num_arena_deaths: 0.
num_vsnodes_births: 2.
num_vsnodes_deaths: 0.
num_space_committed: 861.
num_space_uncommitted: 0.
num_chunks_returned_to_freelist: 8.
num_chunks_taken_from_freelist: 2223.
num_chunk_merges: 5.
num_chunk_splits: 1574.
num_chunks_enlarged: 1211.
num_inconsistent_stats: 0.

CodeHeap 'non-profiled nmethods': size=119168Kb used=3245Kb max_used=3720Kb free=115922Kb
 bounds [0x000002306b5b0000, 0x000002306b960000, 0x0000023072a10000]
CodeHeap 'profiled nmethods': size=119104Kb used=8385Kb max_used=9750Kb free=110718Kb
 bounds [0x0000023063a10000, 0x00000230643a0000, 0x000002306ae60000]
CodeHeap 'non-nmethods': size=7488Kb used=2423Kb max_used=3048Kb free=5065Kb
 bounds [0x000002306ae60000, 0x000002306b160000, 0x000002306b5b0000]
 total_blobs=4825 nmethods=4203 adapters=532
 compilation: enabled
              stopped_count=0, restarted_count=0
 full_count=0

Compilation events (20 events):
Event: 13.163 Thread 0x000002300b069a60 4924       3       java.util.HashMap$KeySpliterator::forEachRemaining (186 bytes)
Event: 13.163 Thread 0x000002300b062580 nmethod 4923 0x0000023063aa1110 code [0x0000023063aa12a0, 0x0000023063aa1458]
Event: 13.164 Thread 0x000002300b069a60 nmethod 4924 0x00000230642c1b90 code [0x00000230642c1da0, 0x00000230642c2628]
Event: 13.164 Thread 0x0000023000104d50 nmethod 4920 0x0000023063ed2990 code [0x0000023063ed3000, 0x0000023063ed69c8]
Event: 13.177 Thread 0x000002300b062580 4926       3       java.util.Properties$LineReader::readLine (584 bytes)
Event: 13.179 Thread 0x000002300b062580 nmethod 4926 0x0000023063a2d210 code [0x0000023063a2d5e0, 0x0000023063a30178]
Event: 13.179 Thread 0x000002300b062580 4927       3       java.util.Properties::load0 (249 bytes)
Event: 13.180 Thread 0x000002300b062580 nmethod 4927 0x000002306401d990 code [0x000002306401dbc0, 0x000002306401e608]
Event: 13.180 Thread 0x000002300b062580 4928   !   3       java.util.concurrent.ConcurrentHashMap::putVal (432 bytes)
Event: 13.181 Thread 0x000002300b062580 nmethod 4928 0x0000023063cfc710 code [0x0000023063cfca80, 0x0000023063cfe688]
Event: 13.182 Thread 0x0000023000104d50 4931       3       java.util.HashMap::putVal (300 bytes)
Event: 13.183 Thread 0x0000023000104d50 nmethod 4931 0x0000023063ef4b90 code [0x0000023063ef4e40, 0x0000023063ef60b8]
Event: 13.183 Thread 0x0000023000104d50 4932       3       java.net.URLStreamHandler::parseURL (1201 bytes)
Event: 13.184 Thread 0x000002300b069a60 4933       3       jdk.internal.math.FDBigInteger::size (10 bytes)
Event: 13.184 Thread 0x000002300b069a60 nmethod 4933 0x0000023063fa5a90 code [0x0000023063fa5c20, 0x0000023063fa5d38]
Event: 13.197 Thread 0x000002300b069a60 4934       3       java.nio.MappedByteBuffer::position (8 bytes)
Event: 13.198 Thread 0x0000023000104d50 nmethod 4932 0x0000023063aeb890 code [0x0000023063aec9c0, 0x0000023063af7088]
Event: 13.198 Thread 0x000002300b069a60 nmethod 4934 0x0000023064076a90 code [0x0000023064076c40, 0x0000023064076de8]
Event: 13.213 Thread 0x000002300b062580 4936   !   3       java.util.zip.ZipFile$ZipFileInflaterInputStream::close (67 bytes)
Event: 13.214 Thread 0x000002300b062580 nmethod 4936 0x0000023063bb4e10 code [0x0000023063bb5040, 0x0000023063bb58b8]

GC Heap History (20 events):
Event: 0.611 GC heap before
{Heap before GC invocations=1 (full 0):
 garbage-first heap   total 258048K, used 28217K [0x0000000704800000, 0x0000000800000000)
  region size 2048K, 14 young (28672K), 2 survivors (4096K)
 Metaspace       used 20930K, committed 21120K, reserved 1114112K
  class space    used 2207K, committed 2304K, reserved 1048576K
}
Event: 0.614 GC heap after
{Heap after GC invocations=2 (full 0):
 garbage-first heap   total 258048K, used 8183K [0x0000000704800000, 0x0000000800000000)
  region size 2048K, 2 young (4096K), 2 survivors (4096K)
 Metaspace       used 20930K, committed 21120K, reserved 1114112K
  class space    used 2207K, committed 2304K, reserved 1048576K
}
Event: 0.624 GC heap before
{Heap before GC invocations=2 (full 0):
 garbage-first heap   total 258048K, used 8183K [0x0000000704800000, 0x0000000800000000)
  region size 2048K, 3 young (6144K), 2 survivors (4096K)
 Metaspace       used 21275K, committed 21504K, reserved 1114112K
  class space    used 2258K, committed 2368K, reserved 1048576K
}
Event: 0.625 GC heap after
{Heap after GC invocations=3 (full 0):
 garbage-first heap   total 258048K, used 8383K [0x0000000704800000, 0x0000000800000000)
  region size 2048K, 2 young (4096K), 2 survivors (4096K)
 Metaspace       used 21275K, committed 21504K, reserved 1114112K
  class space    used 2258K, committed 2368K, reserved 1048576K
}
Event: 0.768 GC heap before
{Heap before GC invocations=4 (full 0):
 garbage-first heap   total 40960K, used 26815K [0x0000000704800000, 0x0000000800000000)
  region size 2048K, 12 young (24576K), 2 survivors (4096K)
 Metaspace       used 25373K, committed 25600K, reserved 1114112K
  class space    used 2834K, committed 2944K, reserved 1048576K
}
Event: 0.770 GC heap after
{Heap after GC invocations=5 (full 0):
 garbage-first heap   total 40960K, used 10176K [0x0000000704800000, 0x0000000800000000)
  region size 2048K, 3 young (6144K), 3 survivors (6144K)
 Metaspace       used 25373K, committed 25600K, reserved 1114112K
  class space    used 2834K, committed 2944K, reserved 1048576K
}
Event: 0.798 GC heap before
{Heap before GC invocations=5 (full 0):
 garbage-first heap   total 40960K, used 12224K [0x0000000704800000, 0x0000000800000000)
  region size 2048K, 4 young (8192K), 3 survivors (6144K)
 Metaspace       used 25541K, committed 25856K, reserved 1114112K
  class space    used 2861K, committed 3008K, reserved 1048576K
}
Event: 0.801 GC heap after
{Heap after GC invocations=6 (full 0):
 garbage-first heap   total 40960K, used 10793K [0x0000000704800000, 0x0000000800000000)
  region size 2048K, 1 young (2048K), 1 survivors (2048K)
 Metaspace       used 25541K, committed 25856K, reserved 1114112K
  class space    used 2861K, committed 3008K, reserved 1048576K
}
Event: 1.040 GC heap before
{Heap before GC invocations=6 (full 0):
 garbage-first heap   total 40960K, used 27177K [0x0000000704800000, 0x0000000800000000)
  region size 2048K, 9 young (18432K), 1 survivors (2048K)
 Metaspace       used 27028K, committed 27264K, reserved 1114112K
  class space    used 3021K, committed 3136K, reserved 1048576K
}
Event: 1.042 GC heap after
{Heap after GC invocations=7 (full 0):
 garbage-first heap   total 149504K, used 11874K [0x0000000704800000, 0x0000000800000000)
  region size 2048K, 1 young (2048K), 1 survivors (2048K)
 Metaspace       used 27028K, committed 27264K, reserved 1114112K
  class space    used 3021K, committed 3136K, reserved 1048576K
}
Event: 1.635 GC heap before
{Heap before GC invocations=7 (full 0):
 garbage-first heap   total 149504K, used 52834K [0x0000000704800000, 0x0000000800000000)
  region size 2048K, 22 young (45056K), 1 survivors (2048K)
 Metaspace       used 35599K, committed 35968K, reserved 1114112K
  class space    used 4076K, committed 4288K, reserved 1048576K
}
Event: 1.640 GC heap after
{Heap after GC invocations=8 (full 0):
 garbage-first heap   total 149504K, used 15366K [0x0000000704800000, 0x0000000800000000)
  region size 2048K, 3 young (6144K), 3 survivors (6144K)
 Metaspace       used 35599K, committed 35968K, reserved 1114112K
  class space    used 4076K, committed 4288K, reserved 1048576K
}
Event: 2.154 GC heap before
{Heap before GC invocations=9 (full 0):
 garbage-first heap   total 61440K, used 46086K [0x0000000704800000, 0x0000000800000000)
  region size 2048K, 18 young (36864K), 3 survivors (6144K)
 Metaspace       used 40149K, committed 40640K, reserved 1114112K
  class space    used 4675K, committed 4928K, reserved 1048576K
}
Event: 2.157 GC heap after
{Heap after GC invocations=10 (full 0):
 garbage-first heap   total 61440K, used 17797K [0x0000000704800000, 0x0000000800000000)
  region size 2048K, 2 young (4096K), 2 survivors (4096K)
 Metaspace       used 40149K, committed 40640K, reserved 1114112K
  class space    used 4675K, committed 4928K, reserved 1048576K
}
Event: 2.210 GC heap before
{Heap before GC invocations=10 (full 0):
 garbage-first heap   total 61440K, used 19845K [0x0000000704800000, 0x0000000800000000)
  region size 2048K, 3 young (6144K), 2 survivors (4096K)
 Metaspace       used 40601K, committed 41088K, reserved 1114112K
  class space    used 4739K, committed 4992K, reserved 1048576K
}
Event: 2.212 GC heap after
{Heap after GC invocations=11 (full 0):
 garbage-first heap   total 61440K, used 18215K [0x0000000704800000, 0x0000000800000000)
  region size 2048K, 1 young (2048K), 1 survivors (2048K)
 Metaspace       used 40601K, committed 41088K, reserved 1114112K
  class space    used 4739K, committed 4992K, reserved 1048576K
}
Event: 11.730 GC heap before
{Heap before GC invocations=11 (full 0):
 garbage-first heap   total 61440K, used 42791K [0x0000000704800000, 0x0000000800000000)
  region size 2048K, 13 young (26624K), 1 survivors (2048K)
 Metaspace       used 46971K, committed 47488K, reserved 1114112K
  class space    used 5427K, committed 5696K, reserved 1048576K
}
Event: 11.732 GC heap after
{Heap after GC invocations=12 (full 0):
 garbage-first heap   total 61440K, used 20004K [0x0000000704800000, 0x0000000800000000)
  region size 2048K, 2 young (4096K), 2 survivors (4096K)
 Metaspace       used 46971K, committed 47488K, reserved 1114112K
  class space    used 5427K, committed 5696K, reserved 1048576K
}
Event: 13.105 GC heap before
{Heap before GC invocations=12 (full 0):
 garbage-first heap   total 61440K, used 44580K [0x0000000704800000, 0x0000000800000000)
  region size 2048K, 14 young (28672K), 2 survivors (4096K)
 Metaspace       used 52671K, committed 53184K, reserved 1114112K
  class space    used 6034K, committed 6272K, reserved 1048576K
}
Event: 13.108 GC heap after
{Heap after GC invocations=13 (full 0):
 garbage-first heap   total 61440K, used 21112K [0x0000000704800000, 0x0000000800000000)
  region size 2048K, 1 young (2048K), 1 survivors (2048K)
 Metaspace       used 52671K, committed 53184K, reserved 1114112K
  class space    used 6034K, committed 6272K, reserved 1048576K
}

Dll operation events (9 events):
Event: 0.003 Loaded shared library C:\Users\KolaBaka\.p2\pool\plugins\org.eclipse.justj.openjdk.hotspot.jre.full.win32.x86_64_17.0.10.v20240120-1143\jre\bin\java.dll
Event: 0.074 Loaded shared library C:\Users\KolaBaka\.p2\pool\plugins\org.eclipse.justj.openjdk.hotspot.jre.full.win32.x86_64_17.0.10.v20240120-1143\jre\bin\net.dll
Event: 0.075 Loaded shared library C:\Users\KolaBaka\.p2\pool\plugins\org.eclipse.justj.openjdk.hotspot.jre.full.win32.x86_64_17.0.10.v20240120-1143\jre\bin\nio.dll
Event: 0.078 Loaded shared library C:\Users\KolaBaka\.p2\pool\plugins\org.eclipse.justj.openjdk.hotspot.jre.full.win32.x86_64_17.0.10.v20240120-1143\jre\bin\zip.dll
Event: 0.102 Loaded shared library C:\Users\KolaBaka\.p2\pool\plugins\org.eclipse.justj.openjdk.hotspot.jre.full.win32.x86_64_17.0.10.v20240120-1143\jre\bin\jimage.dll
Event: 0.747 Loaded shared library C:\Users\KolaBaka\.p2\pool\plugins\org.eclipse.justj.openjdk.hotspot.jre.full.win32.x86_64_17.0.10.v20240120-1143\jre\bin\sunmscapi.dll
Event: 1.633 Loaded shared library C:\Users\KolaBaka\.p2\pool\plugins\org.eclipse.justj.openjdk.hotspot.jre.full.win32.x86_64_17.0.10.v20240120-1143\jre\bin\management.dll
Event: 1.635 Loaded shared library C:\Users\KolaBaka\.p2\pool\plugins\org.eclipse.justj.openjdk.hotspot.jre.full.win32.x86_64_17.0.10.v20240120-1143\jre\bin\management_ext.dll
Event: 2.683 Loaded shared library C:\Users\KolaBaka\.p2\pool\plugins\org.eclipse.justj.openjdk.hotspot.jre.full.win32.x86_64_17.0.10.v20240120-1143\jre\bin\extnet.dll

Deoptimization events (20 events):
Event: 13.180 Thread 0x000002305eb7c670 DEOPT PACKING pc=0x0000023063a2ff65 sp=0x0000008c6c8fc320
Event: 13.181 Thread 0x000002305eb7c670 DEOPT UNPACKING pc=0x000002306aeb7143 sp=0x0000008c6c8fb810 mode 0
Event: 13.181 Thread 0x000002305eb7c670 DEOPT PACKING pc=0x0000023063a2ff65 sp=0x0000008c6c8fc320
Event: 13.181 Thread 0x000002305eb7c670 DEOPT UNPACKING pc=0x000002306aeb7143 sp=0x0000008c6c8fb810 mode 0
Event: 13.181 Thread 0x000002305eb7c670 DEOPT PACKING pc=0x0000023063a2ff65 sp=0x0000008c6c8fc320
Event: 13.181 Thread 0x000002305eb7c670 DEOPT UNPACKING pc=0x000002306aeb7143 sp=0x0000008c6c8fb810 mode 0
Event: 13.181 Thread 0x000002305eb7c670 DEOPT PACKING pc=0x0000023063a2ff65 sp=0x0000008c6c8fc320
Event: 13.181 Thread 0x000002305eb7c670 DEOPT UNPACKING pc=0x000002306aeb7143 sp=0x0000008c6c8fb810 mode 0
Event: 13.181 Thread 0x000002305eb7c670 DEOPT PACKING pc=0x0000023063a2ff65 sp=0x0000008c6c8fc320
Event: 13.181 Thread 0x000002305eb7c670 DEOPT UNPACKING pc=0x000002306aeb7143 sp=0x0000008c6c8fb810 mode 0
Event: 13.182 Thread 0x000002305eb7c670 DEOPT PACKING pc=0x0000023063a2ff65 sp=0x0000008c6c8fc320
Event: 13.182 Thread 0x000002305eb7c670 DEOPT UNPACKING pc=0x000002306aeb7143 sp=0x0000008c6c8fb810 mode 0
Event: 13.182 Thread 0x000002305eb7c670 DEOPT PACKING pc=0x0000023063a2ff65 sp=0x0000008c6c8fc320
Event: 13.182 Thread 0x000002305eb7c670 DEOPT UNPACKING pc=0x000002306aeb7143 sp=0x0000008c6c8fb810 mode 0
Event: 13.182 Thread 0x000002305eb7c670 DEOPT PACKING pc=0x0000023063a2ff65 sp=0x0000008c6c8fc320
Event: 13.182 Thread 0x000002305eb7c670 DEOPT UNPACKING pc=0x000002306aeb7143 sp=0x0000008c6c8fb810 mode 0
Event: 13.182 Thread 0x000002305eb7c670 Uncommon trap: trap_request=0xffffff45 fr.pc=0x000002306b93d4e8 relative=0x00000000000007e8
Event: 13.182 Thread 0x000002305eb7c670 Uncommon trap: reason=unstable_if action=reinterpret pc=0x000002306b93d4e8 method=java.util.HashMap.putVal(ILjava/lang/Object;Ljava/lang/Object;ZZ)Ljava/lang/Object; @ 94 c2
Event: 13.182 Thread 0x000002305eb7c670 DEOPT PACKING pc=0x000002306b93d4e8 sp=0x0000008c6c8fc360
Event: 13.182 Thread 0x000002305eb7c670 DEOPT UNPACKING pc=0x000002306aeb69a3 sp=0x0000008c6c8fc2e8 mode 2

Classes unloaded (0 events):
No events

Classes redefined (0 events):
No events

Internal exceptions (20 events):
Event: 2.383 Thread 0x000002305eb7c670 Exception <a 'java/lang/NoSuchMethodError'{0x000000070ab22870}: 'void java.lang.invoke.DirectMethodHandle$Holder.invokeVirtual(java.lang.Object, java.lang.Object, float)'> (0x000000070ab22870) 
thrown [s\src\hotspot\share\interpreter\linkResolver.cpp, line 759]
Event: 2.446 Thread 0x000002305eb7c670 Implicit null exception at 0x000002306b7371da to 0x000002306b737420
Event: 2.620 Thread 0x000002305eb7c670 Exception <a 'java/lang/IncompatibleClassChangeError'{0x00000007074b1880}: Found class java.lang.Object, but interface was expected> (0x00000007074b1880) 
thrown [s\src\hotspot\share\interpreter\linkResolver.cpp, line 826]
Event: 2.645 Thread 0x000002305eb7c670 Implicit null exception at 0x000002306b798803 to 0x000002306b798fd8
Event: 2.723 Thread 0x000002300d1a5f60 Exception <a 'java/net/ConnectException'{0x0000000707027878}: Connection refused: no further information> (0x0000000707027878) 
thrown [s\src\hotspot\share\prims\jni.cpp, line 535]
Event: 2.833 Thread 0x000002300d1a5f60 Exception <a 'java/net/ConnectException'{0x0000000707053298}: Connection refused: no further information> (0x0000000707053298) 
thrown [s\src\hotspot\share\prims\jni.cpp, line 535]
Event: 2.941 Thread 0x000002300d1a5f60 Exception <a 'java/net/ConnectException'{0x0000000707057858}: Connection refused: no further information> (0x0000000707057858) 
thrown [s\src\hotspot\share\prims\jni.cpp, line 535]
Event: 3.270 Thread 0x000002300d1a5f60 Exception <a 'java/net/ConnectException'{0x000000070705c788}: Connection refused: no further information> (0x000000070705c788) 
thrown [s\src\hotspot\share\prims\jni.cpp, line 535]
Event: 3.707 Thread 0x000002300d1a5f60 Exception <a 'java/net/ConnectException'{0x0000000707061930}: Connection refused: no further information> (0x0000000707061930) 
thrown [s\src\hotspot\share\prims\jni.cpp, line 535]
Event: 4.473 Thread 0x000002300d1a5f60 Exception <a 'java/net/ConnectException'{0x0000000707067b70}: Connection refused: no further information> (0x0000000707067b70) 
thrown [s\src\hotspot\share\prims\jni.cpp, line 535]
Event: 5.459 Thread 0x000002300d1a5f60 Exception <a 'java/net/ConnectException'{0x000000070706e838}: Connection refused: no further information> (0x000000070706e838) 
thrown [s\src\hotspot\share\prims\jni.cpp, line 535]
Event: 6.545 Thread 0x000002300d1a5f60 Exception <a 'java/net/ConnectException'{0x00000007070755a8}: Connection refused: no further information> (0x00000007070755a8) 
thrown [s\src\hotspot\share\prims\jni.cpp, line 535]
Event: 7.525 Thread 0x000002300d1a5f60 Exception <a 'java/net/ConnectException'{0x000000070707bf28}: Connection refused: no further information> (0x000000070707bf28) 
thrown [s\src\hotspot\share\prims\jni.cpp, line 535]
Event: 8.614 Thread 0x000002300d1a5f60 Exception <a 'java/net/ConnectException'{0x0000000707082b10}: Connection refused: no further information> (0x0000000707082b10) 
thrown [s\src\hotspot\share\prims\jni.cpp, line 535]
Event: 9.709 Thread 0x000002300d1a5f60 Exception <a 'java/net/ConnectException'{0x00000007070896f8}: Connection refused: no further information> (0x00000007070896f8) 
thrown [s\src\hotspot\share\prims\jni.cpp, line 535]
Event: 10.685 Thread 0x000002300d1a5f60 Exception <a 'java/net/ConnectException'{0x000000070708fe20}: Connection refused: no further information> (0x000000070708fe20) 
thrown [s\src\hotspot\share\prims\jni.cpp, line 535]
Event: 12.805 Thread 0x000002300d1a5f60 Exception <a 'java/lang/NoSuchMethodError'{0x000000070789e718}: 'java.lang.Object java.lang.invoke.DirectMethodHandle$Holder.newInvokeSpecial(java.lang.Object, long)'> (0x000000070789e718) 
thrown [s\src\hotspot\share\interpreter\linkResolver.cpp, line 759]
Event: 12.961 Thread 0x000002305eb7c670 Exception <a 'java/lang/NoSuchMethodError'{0x00000007075884d0}: 'java.lang.Object java.lang.invoke.DirectMethodHandle$Holder.newInvokeSpecial(java.lang.Object, java.lang.Object, int, java.lang.Object, java.lang.Object)'> (0x00000007075884d0) 
thrown [s\src\hotspot\share\interpreter\linkResolver.cpp, line 759]
Event: 13.119 Thread 0x000002305eb7c670 Exception <a 'java/lang/NoSuchMethodError'{0x0000000714322418}: 'double java.lang.invoke.DirectMethodHandle$Holder.invokeStatic(java.lang.Object, java.lang.Object, java.lang.Object, long)'> (0x0000000714322418) 
thrown [s\src\hotspot\share\interpreter\linkResolver.cpp, line 759]
Event: 13.135 Thread 0x000002305eb7c670 Exception <a 'java/lang/NoSuchMethodError'{0x000000070ae8fd70}: 'void java.lang.invoke.DirectMethodHandle$Holder.invokeStaticInit(java.lang.Object)'> (0x000000070ae8fd70) 
thrown [s\src\hotspot\share\interpreter\linkResolver.cpp, line 759]

VM Operations (20 events):
Event: 7.882 Executing VM operation: Cleanup
Event: 7.882 Executing VM operation: Cleanup done
Event: 10.901 Executing VM operation: Cleanup
Event: 10.901 Executing VM operation: Cleanup done
Event: 11.730 Executing VM operation: G1CollectForAllocation
Event: 11.732 Executing VM operation: G1CollectForAllocation done
Event: 11.801 Executing VM operation: HandshakeAllThreads
Event: 11.801 Executing VM operation: HandshakeAllThreads done
Event: 11.802 Executing VM operation: HandshakeAllThreads
Event: 11.802 Executing VM operation: HandshakeAllThreads done
Event: 12.802 Executing VM operation: Cleanup
Event: 12.803 Executing VM operation: Cleanup done
Event: 13.095 Executing VM operation: HandshakeAllThreads
Event: 13.095 Executing VM operation: HandshakeAllThreads done
Event: 13.105 Executing VM operation: G1CollectForAllocation
Event: 13.108 Executing VM operation: G1CollectForAllocation done
Event: 13.114 Executing VM operation: HandshakeAllThreads
Event: 13.114 Executing VM operation: HandshakeAllThreads done
Event: 13.159 Executing VM operation: HandshakeAllThreads
Event: 13.159 Executing VM operation: HandshakeAllThreads done

Events (20 events):
Event: 13.136 loading class java/util/concurrent/CompletableFuture$AsyncRun
Event: 13.136 loading class java/util/concurrent/CompletableFuture$AsyncRun done
Event: 13.136 Thread 0x00000230005e8540 Thread added: 0x00000230005e8540
Event: 13.136 loading class java/util/concurrent/locks/AbstractQueuedSynchronizer$SharedNode
Event: 13.136 loading class java/util/concurrent/locks/AbstractQueuedSynchronizer$SharedNode done
Event: 13.141 loading class java/util/concurrent/ConcurrentLinkedQueue$Itr
Event: 13.141 loading class java/util/concurrent/ConcurrentLinkedQueue$Itr done
Event: 13.145 loading class java/util/IdentityHashMap$KeySpliterator
Event: 13.145 loading class java/util/IdentityHashMap$IdentityHashMapSpliterator
Event: 13.145 loading class java/util/IdentityHashMap$IdentityHashMapSpliterator done
Event: 13.145 loading class java/util/IdentityHashMap$KeySpliterator done
Event: 13.158 loading class java/util/concurrent/Executors$FinalizableDelegatedExecutorService
Event: 13.158 loading class java/util/concurrent/Executors$DelegatedExecutorService
Event: 13.158 loading class java/util/concurrent/Executors$DelegatedExecutorService done
Event: 13.158 loading class java/util/concurrent/Executors$FinalizableDelegatedExecutorService done
Event: 13.159 Thread 0x00000230005eb2d0 Thread added: 0x00000230005eb2d0
Event: 13.184 loading class java/math/MathContext
Event: 13.184 loading class java/math/MathContext done
Event: 13.185 loading class java/util/Collections$UnmodifiableMap$UnmodifiableEntrySet$UnmodifiableEntrySetSpliterator
Event: 13.185 loading class java/util/Collections$UnmodifiableMap$UnmodifiableEntrySet$UnmodifiableEntrySetSpliterator done


Dynamic libraries:
0x00007ff6a30c0000 - 0x00007ff6a30ce000 	C:\Users\KolaBaka\.p2\pool\plugins\org.eclipse.justj.openjdk.hotspot.jre.full.win32.x86_64_17.0.10.v20240120-1143\jre\bin\javaw.exe
0x00007ffdb9ef0000 - 0x00007ffdba0e8000 	C:\Windows\SYSTEM32\ntdll.dll
0x00007ffdb7fd0000 - 0x00007ffdb808d000 	C:\Windows\System32\KERNEL32.DLL
0x00007ffdb7840000 - 0x00007ffdb7b36000 	C:\Windows\System32\KERNELBASE.dll
0x00007ffdb7680000 - 0x00007ffdb7780000 	C:\Windows\System32\ucrtbase.dll
0x00007ffdb0610000 - 0x00007ffdb0627000 	C:\Users\KolaBaka\.p2\pool\plugins\org.eclipse.justj.openjdk.hotspot.jre.full.win32.x86_64_17.0.10.v20240120-1143\jre\bin\jli.dll
0x00007ffdb0a80000 - 0x00007ffdb0a9b000 	C:\Users\KolaBaka\.p2\pool\plugins\org.eclipse.justj.openjdk.hotspot.jre.full.win32.x86_64_17.0.10.v20240120-1143\jre\bin\VCRUNTIME140.dll
0x00007ffdb99d0000 - 0x00007ffdb9b6f000 	C:\Windows\System32\USER32.dll
0x00007ffdb7650000 - 0x00007ffdb7672000 	C:\Windows\System32\win32u.dll
0x00007ffdb9cf0000 - 0x00007ffdb9d1b000 	C:\Windows\System32\GDI32.dll
0x00007ffd9e760000 - 0x00007ffd9e9fa000 	C:\Windows\WinSxS\amd64_microsoft.windows.common-controls_6595b64144ccf1df_6.0.19041.4355_none_60b8b9eb71f62e16\COMCTL32.dll
0x00007ffdb7e10000 - 0x00007ffdb7f27000 	C:\Windows\System32\gdi32full.dll
0x00007ffdb75b0000 - 0x00007ffdb764d000 	C:\Windows\System32\msvcp_win.dll
0x00007ffdb7f30000 - 0x00007ffdb7fce000 	C:\Windows\System32\msvcrt.dll
0x00007ffdb9570000 - 0x00007ffdb959f000 	C:\Windows\System32\IMM32.DLL
0x00007ffdb4870000 - 0x00007ffdb487c000 	C:\Users\KolaBaka\.p2\pool\plugins\org.eclipse.justj.openjdk.hotspot.jre.full.win32.x86_64_17.0.10.v20240120-1143\jre\bin\vcruntime140_1.dll
0x00007ffdaa560000 - 0x00007ffdaa5ed000 	C:\Users\KolaBaka\.p2\pool\plugins\org.eclipse.justj.openjdk.hotspot.jre.full.win32.x86_64_17.0.10.v20240120-1143\jre\bin\msvcp140.dll
0x00007ffd5fb20000 - 0x00007ffd60782000 	C:\Users\KolaBaka\.p2\pool\plugins\org.eclipse.justj.openjdk.hotspot.jre.full.win32.x86_64_17.0.10.v20240120-1143\jre\bin\server\jvm.dll
0x00007ffdb87b0000 - 0x00007ffdb8860000 	C:\Windows\System32\ADVAPI32.dll
0x00007ffdb8450000 - 0x00007ffdb84f0000 	C:\Windows\System32\sechost.dll
0x00007ffdb8270000 - 0x00007ffdb8393000 	C:\Windows\System32\RPCRT4.dll
0x00007ffdb7780000 - 0x00007ffdb77a7000 	C:\Windows\System32\bcrypt.dll
0x00007ffdb6aa0000 - 0x00007ffdb6aeb000 	C:\Windows\SYSTEM32\POWRPROF.dll
0x00007ffdb1760000 - 0x00007ffdb176a000 	C:\Windows\SYSTEM32\VERSION.dll
0x00007ffdb3fc0000 - 0x00007ffdb3fc9000 	C:\Windows\SYSTEM32\WSOCK32.dll
0x00007ffdac3b0000 - 0x00007ffdac3d7000 	C:\Windows\SYSTEM32\WINMM.dll
0x00007ffdb8580000 - 0x00007ffdb85eb000 	C:\Windows\System32\WS2_32.dll
0x00007ffdb6960000 - 0x00007ffdb6972000 	C:\Windows\SYSTEM32\UMPDC.dll
0x00007ffdb53f0000 - 0x00007ffdb5402000 	C:\Windows\SYSTEM32\kernel.appcore.dll
0x00007ffdb48b0000 - 0x00007ffdb48ba000 	C:\Users\KolaBaka\.p2\pool\plugins\org.eclipse.justj.openjdk.hotspot.jre.full.win32.x86_64_17.0.10.v20240120-1143\jre\bin\jimage.dll
0x00007ffdab910000 - 0x00007ffdabaf4000 	C:\Windows\SYSTEM32\DBGHELP.DLL
0x00007ffd9d380000 - 0x00007ffd9d3b4000 	C:\Windows\SYSTEM32\dbgcore.DLL
0x00007ffdb77b0000 - 0x00007ffdb7832000 	C:\Windows\System32\bcryptPrimitives.dll
0x00007ffda2ca0000 - 0x00007ffda2cc5000 	C:\Users\KolaBaka\.p2\pool\plugins\org.eclipse.justj.openjdk.hotspot.jre.full.win32.x86_64_17.0.10.v20240120-1143\jre\bin\java.dll
0x00007ffdb17c0000 - 0x00007ffdb17d8000 	C:\Users\KolaBaka\.p2\pool\plugins\org.eclipse.justj.openjdk.hotspot.jre.full.win32.x86_64_17.0.10.v20240120-1143\jre\bin\zip.dll
0x00007ffdb8990000 - 0x00007ffdb90fc000 	C:\Windows\System32\SHELL32.dll
0x00007ffdb55f0000 - 0x00007ffdb5d8d000 	C:\Windows\SYSTEM32\windows.storage.dll
0x00007ffdb9670000 - 0x00007ffdb99c3000 	C:\Windows\System32\combase.dll
0x00007ffdb6ef0000 - 0x00007ffdb6f1e000 	C:\Windows\SYSTEM32\Wldp.dll
0x00007ffdb95a0000 - 0x00007ffdb966d000 	C:\Windows\System32\OLEAUT32.dll
0x00007ffdb83a0000 - 0x00007ffdb844d000 	C:\Windows\System32\SHCORE.dll
0x00007ffdb81f0000 - 0x00007ffdb8245000 	C:\Windows\System32\shlwapi.dll
0x00007ffdb74e0000 - 0x00007ffdb7504000 	C:\Windows\SYSTEM32\profapi.dll
0x00007ffdb13f0000 - 0x00007ffdb1409000 	C:\Users\KolaBaka\.p2\pool\plugins\org.eclipse.justj.openjdk.hotspot.jre.full.win32.x86_64_17.0.10.v20240120-1143\jre\bin\net.dll
0x00007ffda3100000 - 0x00007ffda320a000 	C:\Windows\SYSTEM32\WINHTTP.dll
0x00007ffdb6cd0000 - 0x00007ffdb6d3a000 	C:\Windows\system32\mswsock.dll
0x00007ffdafc10000 - 0x00007ffdafc26000 	C:\Users\KolaBaka\.p2\pool\plugins\org.eclipse.justj.openjdk.hotspot.jre.full.win32.x86_64_17.0.10.v20240120-1143\jre\bin\nio.dll
0x00007ffdb3610000 - 0x00007ffdb361e000 	C:\Users\KolaBaka\.p2\pool\plugins\org.eclipse.justj.openjdk.hotspot.jre.full.win32.x86_64_17.0.10.v20240120-1143\jre\bin\sunmscapi.dll
0x00007ffdb7b40000 - 0x00007ffdb7c9e000 	C:\Windows\System32\CRYPT32.dll
0x00007ffdb7040000 - 0x00007ffdb7069000 	C:\Windows\SYSTEM32\ncrypt.dll
0x00007ffdb7000000 - 0x00007ffdb703b000 	C:\Windows\SYSTEM32\NTASN1.dll
0x00007ffdb6f30000 - 0x00007ffdb6f48000 	C:\Windows\SYSTEM32\CRYPTSP.dll
0x00007ffdb65a0000 - 0x00007ffdb65d4000 	C:\Windows\system32\rsaenh.dll
0x00007ffdb7450000 - 0x00007ffdb747e000 	C:\Windows\SYSTEM32\USERENV.dll
0x00007ffdb6e60000 - 0x00007ffdb6e6c000 	C:\Windows\SYSTEM32\CRYPTBASE.dll
0x00007ffdb6980000 - 0x00007ffdb69bb000 	C:\Windows\SYSTEM32\IPHLPAPI.DLL
0x00007ffdb8090000 - 0x00007ffdb8098000 	C:\Windows\System32\NSI.dll
0x00007ffda2d10000 - 0x00007ffda2d27000 	C:\Windows\SYSTEM32\dhcpcsvc6.DLL
0x00007ffda2cf0000 - 0x00007ffda2d0d000 	C:\Windows\SYSTEM32\dhcpcsvc.DLL
0x00007ffdb69c0000 - 0x00007ffdb6a8a000 	C:\Windows\SYSTEM32\DNSAPI.dll
0x00007ffdae930000 - 0x00007ffdae939000 	C:\Users\KolaBaka\.p2\pool\plugins\org.eclipse.justj.openjdk.hotspot.jre.full.win32.x86_64_17.0.10.v20240120-1143\jre\bin\management.dll
0x00007ffdae1b0000 - 0x00007ffdae1bb000 	C:\Users\KolaBaka\.p2\pool\plugins\org.eclipse.justj.openjdk.hotspot.jre.full.win32.x86_64_17.0.10.v20240120-1143\jre\bin\management_ext.dll
0x00007ffdb85f0000 - 0x00007ffdb85f8000 	C:\Windows\System32\PSAPI.DLL
0x00007ffda2670000 - 0x00007ffda267a000 	C:\Windows\System32\rasadhlp.dll
0x00007ffda3040000 - 0x00007ffda30c0000 	C:\Windows\System32\fwpuclnt.dll
0x00007ffdae210000 - 0x00007ffdae217000 	C:\Windows\system32\wshunix.dll
0x00007ffdb2ce0000 - 0x00007ffdb2ce9000 	C:\Users\KolaBaka\.p2\pool\plugins\org.eclipse.justj.openjdk.hotspot.jre.full.win32.x86_64_17.0.10.v20240120-1143\jre\bin\extnet.dll

dbghelp: loaded successfully - version: 4.0.5 - missing functions: none
symbol engine: initialized successfully - sym options: 0x614 - pdb path: .;C:\Users\KolaBaka\.p2\pool\plugins\org.eclipse.justj.openjdk.hotspot.jre.full.win32.x86_64_17.0.10.v20240120-1143\jre\bin;C:\Windows\SYSTEM32;C:\Windows\WinSxS\amd64_microsoft.windows.common-controls_6595b64144ccf1df_6.0.19041.4355_none_60b8b9eb71f62e16;C:\Users\KolaBaka\.p2\pool\plugins\org.eclipse.justj.openjdk.hotspot.jre.full.win32.x86_64_17.0.10.v20240120-1143\jre\bin\server

VM Arguments:
jvm_args: -Dfile.encoding=UTF-8 -Dstdout.encoding=UTF-8 -Dstderr.encoding=UTF-8 -XX:+ShowCodeDetailsInExceptionMessages 
java_command: com.banturov.test_task.TestTaskApplication
java_class_path (initial): W:\code\java\test_task\target\classes;C:\Users\KolaBaka\.m2\repository\org\springframework\boot\spring-boot-starter\3.3.1\spring-boot-starter-3.3.1.jar;C:\Users\KolaBaka\.m2\repository\org\springframework\boot\spring-boot\3.3.1\spring-boot-3.3.1.jar;C:\Users\KolaBaka\.m2\repository\org\springframework\boot\spring-boot-autoconfigure\3.3.1\spring-boot-autoconfigure-3.3.1.jar;C:\Users\KolaBaka\.m2\repository\org\springframework\boot\spring-boot-starter-logging\3.3.1\spring-boot-starter-logging-3.3.1.jar;C:\Users\KolaBaka\.m2\repository\ch\qos\logback\logback-classic\1.5.6\logback-classic-1.5.6.jar;C:\Users\KolaBaka\.m2\repository\ch\qos\logback\logback-core\1.5.6\logback-core-1.5.6.jar;C:\Users\KolaBaka\.m2\repository\org\apache\logging\log4j\log4j-to-slf4j\2.23.1\log4j-to-slf4j-2.23.1.jar;C:\Users\KolaBaka\.m2\repository\org\apache\logging\log4j\log4j-api\2.23.1\log4j-api-2.23.1.jar;C:\Users\KolaBaka\.m2\repository\org\slf4j\jul-to-slf4j\2.0.13\jul-to-slf4j-2.0.13.jar;C:\Users\KolaBaka\.m2\repository\jakarta\annotation\jakarta.annotation-api\2.1.1\jakarta.annotation-api-2.1.1.jar;C:\Users\KolaBaka\.m2\repository\org\springframework\spring-core\6.1.10\spring-core-6.1.10.jar;C:\Users\KolaBaka\.m2\repository\org\springframework\spring-jcl\6.1.10\spring-jcl-6.1.10.jar;C:\Users\KolaBaka\.m2\repository\org\yaml\snakeyaml\2.2\snakeyaml-2.2.jar;C:\Users\KolaBaka\.m2\repository\org\slf4j\slf4j-api\2.0.13\slf4j-api-2.0.13.jar;C:\Users\KolaBaka\.m2\repository\jakarta\xml\bind\jakarta.xml.bind-api\4.0.2\jakarta.xml.bind-api-4.0.2.jar;C:\Users\KolaBaka\.m2\repository\jakarta\activation\jakarta.activation-api\2.1.3\jakarta.activation-api-2.1.3.jar;C:\Users\KolaBaka\.m2\repository\org\springframework\boot\spring-boot-starter-web\3.3.1\spring-boot-starter-web-3.3.1.jar;C:\Users\KolaBaka\.m2\repository\org\springframework\boot\spring-boot-starter-json\3.3.1\spring-boot-starter-json-3.3.1.jar;C:\Users\KolaBaka\.m2\repository\com\fasterxml\jackson\core\jacks
Launcher Type: SUN_STANDARD

[Global flags]
     intx CICompilerCount                          = 12                                        {product} {ergonomic}
     uint ConcGCThreads                            = 3                                         {product} {ergonomic}
     uint G1ConcRefinementThreads                  = 13                                        {product} {ergonomic}
   size_t G1HeapRegionSize                         = 2097152                                   {product} {ergonomic}
    uintx GCDrainStackTargetSize                   = 64                                        {product} {ergonomic}
   size_t InitialHeapSize                          = 264241152                                 {product} {ergonomic}
   size_t MarkStackSize                            = 4194304                                   {product} {ergonomic}
   size_t MaxHeapSize                              = 4219469824                                {product} {ergonomic}
   size_t MaxNewSize                               = 2531262464                                {product} {ergonomic}
   size_t MinHeapDeltaBytes                        = 2097152                                   {product} {ergonomic}
   size_t MinHeapSize                              = 8388608                                   {product} {ergonomic}
    uintx NonNMethodCodeHeapSize                   = 7602480                                {pd product} {ergonomic}
    uintx NonProfiledCodeHeapSize                  = 122027880                              {pd product} {ergonomic}
    uintx ProfiledCodeHeapSize                     = 122027880                              {pd product} {ergonomic}
    uintx ReservedCodeCacheSize                    = 251658240                              {pd product} {ergonomic}
     bool SegmentedCodeCache                       = true                                      {product} {ergonomic}
     bool ShowCodeDetailsInExceptionMessages       = true                                   {manageable} {command line}
   size_t SoftMaxHeapSize                          = 4219469824                             {manageable} {ergonomic}
     bool UseCompressedClassPointers               = true                           {product lp64_product} {ergonomic}
     bool UseCompressedOops                        = true                           {product lp64_product} {ergonomic}
     bool UseG1GC                                  = true                                      {product} {ergonomic}
     bool UseLargePagesIndividualAllocation        = false                                  {pd product} {ergonomic}

Logging:
Log output configuration:
 #0: stdout all=warning uptime,level,tags
 #1: stderr all=off uptime,level,tags

Environment Variables:
PATH=C:/Users/KolaBaka/.p2/pool/plugins/org.eclipse.justj.openjdk.hotspot.jre.full.win32.x86_64_17.0.10.v20240120-1143/jre/bin/server;C:/Users/KolaBaka/.p2/pool/plugins/org.eclipse.justj.openjdk.hotspot.jre.full.win32.x86_64_17.0.10.v20240120-1143/jre/bin;C:\Program Files (x86)\Common Files\Intel\Shared Libraries\redist\intel64\compiler;C:\Program Files\Python39\Scripts\;C:\Program Files\Python39\;C:\Windows\system32;C:\Windows;C:\Windows\System32\Wbem;C:\Windows\System32\WindowsPowerShell\v1.0\;C:\Windows\System32\OpenSSH\;C:\Program Files\NVIDIA Corporation\NVIDIA NvDLISR;C:\Program Files (x86)\NVIDIA Corporation\PhysX\Common;C:\Users\KolaBaka\AppData\Roaming\Python\Python312\Scripts;W:\Other_prog\Git\cmd;C:\Program Files (x86)\Windows Kits\10\Windows Performance Toolkit\;C:\Program Files\CMake\bin;C:\Program Files (x86)\VTK\bin;C:\Program Files (x86)\Common Files\Acronis\SnapAPI\;C:\Program Files\Docker\Docker\resources\bin;C:\Program Files\MySQL\MySQL Shell 8.0\bin\;C:\Users\KolaBaka\AppData\Local\Microsoft\WindowsApps;C:\Program Files\JetBrains\PyCharm 2023.2.5\bin;C:\Users\KolaBaka\AppData\Local\rodeo\app-2.5.2\bin;C:\Users\KolaBaka\AppData\Local\GitHubDesktop\bin;C:\Program Files\JetBrains\IntelliJ IDEA 2023.2.5\bin;;C:\Windows\System32;
USERNAME=KolaBaka
OS=Windows_NT
PROCESSOR_IDENTIFIER=Intel64 Family 6 Model 154 Stepping 3, GenuineIntel
TMP=C:\Users\KolaBaka\AppData\Local\Temp
TEMP=C:\Users\KolaBaka\AppData\Local\Temp



Periodic native trim disabled


---------------  S Y S T E M  ---------------

OS:
 Windows 10 , 64 bit Build 19041 (10.0.19041.3636)
OS uptime: 27 days 8:58 hours
Hyper-V role detected

CPU: total 16 (initial active 16) (8 cores per cpu, 2 threads per core) family 6 model 154 stepping 3 microcode 0x421, cx8, cmov, fxsr, ht, mmx, 3dnowpref, sse, sse2, sse3, ssse3, sse4.1, sse4.2, popcnt, lzcnt, tsc, tscinvbit, avx, avx2, aes, erms, clmul, bmi1, bmi2, adx, sha, fma, vzeroupper, clflush, clflushopt, clwb, hv
Processor Information for processor 0
  Max Mhz: 2500, Current Mhz: 2500, Mhz Limit: 1800
Processor Information for processor 1
  Max Mhz: 2500, Current Mhz: 2500, Mhz Limit: 1800
Processor Information for processor 2
  Max Mhz: 2500, Current Mhz: 2500, Mhz Limit: 2500
Processor Information for processor 3
  Max Mhz: 2500, Current Mhz: 2500, Mhz Limit: 2500
Processor Information for processor 4
  Max Mhz: 2500, Current Mhz: 2500, Mhz Limit: 2500
Processor Information for processor 5
  Max Mhz: 2500, Current Mhz: 2500, Mhz Limit: 2500
Processor Information for processor 6
  Max Mhz: 2500, Current Mhz: 2500, Mhz Limit: 2500
Processor Information for processor 7
  Max Mhz: 2500, Current Mhz: 2500, Mhz Limit: 2500
Processor Information for processor 8
  Max Mhz: 2500, Current Mhz: 1800, Mhz Limit: 1800
Processor Information for processor 9
  Max Mhz: 2500, Current Mhz: 1800, Mhz Limit: 1800
Processor Information for processor 10
  Max Mhz: 2500, Current Mhz: 1800, Mhz Limit: 1800
Processor Information for processor 11
  Max Mhz: 2500, Current Mhz: 1800, Mhz Limit: 1800
Processor Information for processor 12
  Max Mhz: 2500, Current Mhz: 1800, Mhz Limit: 1800
Processor Information for processor 13
  Max Mhz: 2500, Current Mhz: 1800, Mhz Limit: 1800
Processor Information for processor 14
  Max Mhz: 2500, Current Mhz: 1800, Mhz Limit: 1800
Processor Information for processor 15
  Max Mhz: 2500, Current Mhz: 1800, Mhz Limit: 1800

Memory: 4k page, system-wide physical 16088M (1980M free)
TotalPageFile size 16088M (AvailPageFile size 5M)
current process WorkingSet (physical memory assigned to process): 254M, peak: 298M
current process commit charge ("private bytes"): 297M, peak: 395M

vm_info: OpenJDK 64-Bit Server VM (17.0.10+7) for windows-amd64 JRE (17.0.10+7), built on Jan 16 2024 23:25:11 by "admin" with MS VC++ 16.10 / 16.11 (VS2019)

END.
